#! /usr/local/bin/vvp
:ivl_version "11.0 (devel)" "(s20150603-594-g7cd078e7)";
:ivl_delay_selection "TYPICAL";
:vpi_time_precision + 0;
:vpi_module "system";
:vpi_module "vhdl_sys";
:vpi_module "vhdl_textio";
:vpi_module "v2005_math";
:vpi_module "va_math";
S_0x563465907050 .scope module, "top" "top" 2 33;
 .timescale 0 0;
v0x5634659cfe50_0 .net "clk", 0 0, v0x5634659916d0_0;  1 drivers
S_0x56346599a840 .scope module, "CLK" "clkGen" 2 35, 2 17 0, S_0x563465907050;
 .timescale 0 0;
    .port_info 0 /OUTPUT 1 "out";
v0x56346597fbc0_0 .var *"_s0", 0 0; Local signal
v0x5634659916d0_0 .var "out", 0 0;
S_0x5634659bc930 .scope module, "CPU" "cpu" 2 36, 3 30 0, S_0x563465907050;
 .timescale 0 0;
    .port_info 0 /INPUT 1 "clk";
P_0x563465996f80 .param/str "IM_DATA" 0 3 34, "im_data1.txt";
P_0x563465996fc0 .param/l "NMEM" 0 3 33, +C4<00000000000000000000000000010100>;
L_0x5634659e38a0 .functor AND 1, v0x5634659bf300_0, L_0x5634659e3570, C4<1>, C4<1>;
L_0x5634659e3610 .functor NOT 1, L_0x5634659e3ae0, C4<0>, C4<0>, C4<0>;
L_0x5634659e3d10 .functor AND 1, v0x5634659bf3d0_0, L_0x5634659e3610, C4<1>, C4<1>;
L_0x5634659e3e20 .functor OR 1, L_0x5634659e38a0, L_0x5634659e3d10, C4<0>, C4<0>;
L_0x5634659e7c60 .functor BUFZ 5, L_0x5634659e34d0, C4<00000>, C4<00000>, C4<00000>;
L_0x5634659e8270 .functor BUFZ 32, v0x5634659c2e00_0, C4<00000000000000000000000000000000>, C4<00000000000000000000000000000000>, C4<00000000000000000000000000000000>;
L_0x5634659e97c0 .functor BUFZ 32, v0x5634659c3bf0_0, C4<00000000000000000000000000000000>, C4<00000000000000000000000000000000>, C4<00000000000000000000000000000000>;
L_0x7f48fbad1018 .functor BUFT 1, C4<00000000000000000000000000001000>, C4<0>, C4<0>, C4<0>;
v0x5634659cabc0_0 .net/2u *"_s0", 31 0, L_0x7f48fbad1018;  1 drivers
v0x5634659cacc0_0 .net *"_s10", 0 0, L_0x5634659e0d40;  1 drivers
v0x5634659cada0_0 .net *"_s11", 15 0, L_0x5634659e0e30;  1 drivers
v0x5634659cae60_0 .net *"_s14", 15 0, L_0x5634659e1080;  1 drivers
v0x5634659caf40_0 .net *"_s18", 0 0, L_0x5634659e1260;  1 drivers
v0x5634659cb070_0 .net *"_s19", 15 0, L_0x5634659e1350;  1 drivers
v0x5634659cb150_0 .net *"_s22", 15 0, L_0x5634659e1740;  1 drivers
L_0x7f48fbad1138 .functor BUFT 1, C4<00000000000000000000000000000100>, C4<0>, C4<0>, C4<0>;
v0x5634659cb230_0 .net/2u *"_s64", 31 0, L_0x7f48fbad1138;  1 drivers
v0x5634659cb310_0 .net *"_s67", 31 0, L_0x5634659e3710;  1 drivers
v0x5634659cb3f0_0 .net *"_s70", 0 0, L_0x5634659e3570;  1 drivers
v0x5634659cb4b0_0 .net *"_s72", 0 0, L_0x5634659e38a0;  1 drivers
v0x5634659cb590_0 .net *"_s74", 0 0, L_0x5634659e3ae0;  1 drivers
v0x5634659cb650_0 .net *"_s76", 0 0, L_0x5634659e3610;  1 drivers
v0x5634659cb730_0 .net *"_s78", 0 0, L_0x5634659e3d10;  1 drivers
v0x5634659cb810_0 .net "aluctl", 3 0, v0x5634659beca0_0;  1 drivers
v0x5634659cb8d0_0 .net "aluop", 1 0, v0x5634659bf160_0;  1 drivers
v0x5634659cb990_0 .net "aluop_s3", 1 0, L_0x5634659e4760;  1 drivers
v0x5634659cbb40_0 .net "alurslt", 31 0, v0x5634659be640_0;  1 drivers
v0x5634659cbc10_0 .net "alurslt_s4", 31 0, L_0x5634659e7810;  1 drivers
v0x5634659cbce0_0 .net "alurslt_s5", 31 0, v0x5634659c2e00_0;  1 drivers
v0x5634659cbdb0_0 .net "alusrc", 0 0, v0x5634659bf240_0;  1 drivers
v0x5634659cbe80_0 .net "alusrc_data2", 31 0, L_0x5634659e5670;  1 drivers
v0x5634659cbf50_0 .net "alusrc_s3", 0 0, L_0x5634659e4b90;  1 drivers
v0x5634659cbff0_0 .net "baddr_s2", 31 0, L_0x5634659e3800;  1 drivers
v0x5634659cc0b0_0 .net "branch_eq_s2", 0 0, v0x5634659bf300_0;  1 drivers
v0x5634659cc180_0 .net "branch_ne_s2", 0 0, v0x5634659bf3d0_0;  1 drivers
v0x5634659cc250_0 .net "clk", 0 0, v0x5634659916d0_0;  alias, 1 drivers
v0x5634659cc2f0_0 .var "clock_counter", 5 0;
v0x5634659cc390_0 .net "data1", 31 0, v0x5634659c85b0_0;  1 drivers
v0x5634659cc480_0 .net "data11", 31 0, v0x5634659c8690_0;  1 drivers
v0x5634659cc550_0 .net "data11_s3", 31 0, L_0x5634659e2960;  1 drivers
v0x5634659cc610_0 .net "data12", 31 0, v0x5634659c8770_0;  1 drivers
v0x5634659cc700_0 .net "data12_s3", 31 0, L_0x5634659e2ae0;  1 drivers
v0x5634659cc9e0_0 .net "data12_s4", 31 0, v0x5634659c3520_0;  1 drivers
v0x5634659ccad0_0 .net "data1_s3", 31 0, L_0x5634659e2610;  1 drivers
v0x5634659ccb90_0 .net "data2", 31 0, v0x5634659c8860_0;  1 drivers
v0x5634659ccc60_0 .net "data2_s3", 31 0, L_0x5634659e2700;  1 drivers
v0x5634659ccd20_0 .var "flush_s1", 0 0;
v0x5634659cce10_0 .var "flush_s2", 0 0;
v0x5634659cceb0_0 .var "flush_s3", 0 0;
v0x5634659ccf50_0 .net "funct", 5 0, L_0x5634659e59b0;  1 drivers
v0x5634659cd010_0 .net "imm", 15 0, L_0x5634659e20d0;  1 drivers
v0x5634659cd0d0_0 .net "imm1", 15 0, L_0x5634659e1f90;  1 drivers
v0x5634659cd1b0_0 .net "inst", 31 0, L_0x5634659e0000;  1 drivers
v0x5634659cd2a0_0 .net "inst1", 31 0, L_0x5634659e08e0;  1 drivers
v0x5634659cd370_0 .net "inst1_s2", 31 0, L_0x5634659e0c20;  1 drivers
v0x5634659cd430_0 .net "inst_s2", 31 0, L_0x5634659e0b80;  1 drivers
v0x5634659cd510_0 .net "mem_address", 31 0, L_0x5634659e81d0;  1 drivers
v0x5634659cd600_0 .net "mem_address_s4", 31 0, v0x5634659c7490_0;  1 drivers
v0x5634659cd6d0_0 .net "memread", 0 0, v0x5634659bf490_0;  1 drivers
v0x5634659cd7a0_0 .net "memread_s3", 0 0, L_0x5634659e4470;  1 drivers
v0x5634659cd840_0 .net "memread_s4", 0 0, L_0x5634659e5260;  1 drivers
v0x5634659cd910_0 .net "memwrite", 0 0, v0x5634659bf5a0_0;  1 drivers
v0x5634659cd9e0_0 .net "memwrite_s3", 0 0, L_0x5634659e4560;  1 drivers
v0x5634659cda80_0 .net "memwrite_s4", 0 0, L_0x5634659e54f0;  1 drivers
v0x5634659cdb50_0 .net "opcode", 5 0, L_0x5634659e18f0;  1 drivers
v0x5634659cdc20_0 .net "opcode1", 5 0, L_0x5634659e19e0;  1 drivers
v0x5634659cdcf0_0 .var "pc", 31 0;
v0x5634659cddc0_0 .net "pc8", 31 0, L_0x5634659dff60;  1 drivers
v0x5634659cde90_0 .net "pc8_s2", 31 0, v0x5634659caa30_0;  1 drivers
v0x5634659cdf60_0 .net "pcsrc", 0 0, L_0x5634659e3e20;  1 drivers
v0x5634659ce000_0 .net "rd", 4 0, L_0x5634659e2030;  1 drivers
v0x5634659ce0a0_0 .net "rd_s3", 4 0, L_0x5634659e33b0;  1 drivers
v0x5634659ce180_0 .net "rdata", 31 0, L_0x5634659e8d10;  1 drivers
v0x5634659ce240_0 .net "rdata_s5", 31 0, v0x5634659c3bf0_0;  1 drivers
v0x5634659ce710_0 .net "regdst", 0 0, v0x5634659bf820_0;  1 drivers
v0x5634659ce7e0_0 .net "regdst_s3", 0 0, L_0x5634659e4280;  1 drivers
v0x5634659ce880_0 .net "regwrite", 0 0, v0x5634659bf8e0_0;  1 drivers
v0x5634659ce950_0 .net "regwrite1", 0 0, v0x5634659bf9a0_0;  1 drivers
v0x5634659cea20_0 .net "regwrite1_s3", 0 0, L_0x5634659e4af0;  1 drivers
v0x5634659ceac0_0 .net "regwrite1_s4", 0 0, L_0x5634659e5170;  1 drivers
v0x5634659ceb60_0 .net "regwrite1_s5", 0 0, L_0x5634659e89f0;  1 drivers
v0x5634659cec30_0 .net "regwrite_s3", 0 0, L_0x5634659e48e0;  1 drivers
v0x5634659cecd0_0 .net "regwrite_s4", 0 0, L_0x5634659e4f40;  1 drivers
v0x5634659ced70_0 .net "regwrite_s5", 0 0, L_0x5634659e8700;  1 drivers
v0x5634659cee40_0 .net "rs", 4 0, L_0x5634659e1b90;  1 drivers
v0x5634659cef10_0 .net "rs1", 4 0, L_0x5634659e1c30;  1 drivers
v0x5634659cefe0_0 .net "rt", 4 0, L_0x5634659e1db0;  1 drivers
v0x5634659cf0b0_0 .net "rt1", 4 0, L_0x5634659e1ea0;  1 drivers
v0x5634659cf180_0 .net "rt1_s3", 4 0, L_0x5634659e34d0;  1 drivers
v0x5634659cf240_0 .net "rt_s3", 4 0, L_0x5634659e31d0;  1 drivers
v0x5634659cf320_0 .net "seimm", 31 0, L_0x5634659e1120;  1 drivers
v0x5634659cf400_0 .net "seimm1", 31 0, L_0x5634659e17e0;  1 drivers
v0x5634659cf4e0_0 .net "seimm1_s3", 31 0, L_0x5634659e2ef0;  1 drivers
v0x5634659cf5c0_0 .net "seimm_s3", 31 0, L_0x5634659e2e50;  1 drivers
v0x5634659cf6a0_0 .var "stall_s1_s2", 0 0;
v0x5634659cf770_0 .net "wrdata1_s5", 31 0, L_0x5634659e97c0;  1 drivers
v0x5634659cf840_0 .net "wrdata_s5", 31 0, L_0x5634659e8270;  1 drivers
v0x5634659cf910_0 .net "wrreg", 4 0, L_0x5634659e7900;  1 drivers
v0x5634659cf9d0_0 .net "wrreg1", 4 0, L_0x5634659e7c60;  1 drivers
v0x5634659cfab0_0 .net "wrreg1_s4", 4 0, L_0x5634659e80e0;  1 drivers
v0x5634659cfb90_0 .net "wrreg1_s5", 4 0, L_0x5634659e95a0;  1 drivers
v0x5634659cfc80_0 .net "wrreg_s4", 4 0, L_0x5634659e7e60;  1 drivers
v0x5634659cfd40_0 .net "wrreg_s5", 4 0, L_0x5634659e9290;  1 drivers
L_0x5634659dff60 .arith/sum 32, v0x5634659cdcf0_0, L_0x7f48fbad1018;
L_0x5634659e0ae0 .concat [ 32 32 0 0], L_0x5634659e08e0, L_0x5634659e0000;
L_0x5634659e0b80 .part v0x5634659ca320_0, 32, 32;
L_0x5634659e0c20 .part v0x5634659ca320_0, 0, 32;
L_0x5634659e0d40 .part L_0x5634659e0b80, 15, 1;
LS_0x5634659e0e30_0_0 .concat [ 1 1 1 1], L_0x5634659e0d40, L_0x5634659e0d40, L_0x5634659e0d40, L_0x5634659e0d40;
LS_0x5634659e0e30_0_4 .concat [ 1 1 1 1], L_0x5634659e0d40, L_0x5634659e0d40, L_0x5634659e0d40, L_0x5634659e0d40;
LS_0x5634659e0e30_0_8 .concat [ 1 1 1 1], L_0x5634659e0d40, L_0x5634659e0d40, L_0x5634659e0d40, L_0x5634659e0d40;
LS_0x5634659e0e30_0_12 .concat [ 1 1 1 1], L_0x5634659e0d40, L_0x5634659e0d40, L_0x5634659e0d40, L_0x5634659e0d40;
L_0x5634659e0e30 .concat [ 4 4 4 4], LS_0x5634659e0e30_0_0, LS_0x5634659e0e30_0_4, LS_0x5634659e0e30_0_8, LS_0x5634659e0e30_0_12;
L_0x5634659e1080 .part L_0x5634659e0b80, 0, 16;
L_0x5634659e1120 .concat [ 16 16 0 0], L_0x5634659e1080, L_0x5634659e0e30;
L_0x5634659e1260 .part L_0x5634659e0c20, 15, 1;
LS_0x5634659e1350_0_0 .concat [ 1 1 1 1], L_0x5634659e1260, L_0x5634659e1260, L_0x5634659e1260, L_0x5634659e1260;
LS_0x5634659e1350_0_4 .concat [ 1 1 1 1], L_0x5634659e1260, L_0x5634659e1260, L_0x5634659e1260, L_0x5634659e1260;
LS_0x5634659e1350_0_8 .concat [ 1 1 1 1], L_0x5634659e1260, L_0x5634659e1260, L_0x5634659e1260, L_0x5634659e1260;
LS_0x5634659e1350_0_12 .concat [ 1 1 1 1], L_0x5634659e1260, L_0x5634659e1260, L_0x5634659e1260, L_0x5634659e1260;
L_0x5634659e1350 .concat [ 4 4 4 4], LS_0x5634659e1350_0_0, LS_0x5634659e1350_0_4, LS_0x5634659e1350_0_8, LS_0x5634659e1350_0_12;
L_0x5634659e1740 .part L_0x5634659e0c20, 0, 16;
L_0x5634659e17e0 .concat [ 16 16 0 0], L_0x5634659e1740, L_0x5634659e1350;
L_0x5634659e18f0 .part L_0x5634659e0b80, 26, 6;
L_0x5634659e19e0 .part L_0x5634659e0c20, 26, 6;
L_0x5634659e1b90 .part L_0x5634659e0b80, 21, 5;
L_0x5634659e1c30 .part L_0x5634659e0c20, 21, 5;
L_0x5634659e1db0 .part L_0x5634659e0b80, 16, 5;
L_0x5634659e1ea0 .part L_0x5634659e0b80, 16, 5;
L_0x5634659e2030 .part L_0x5634659e0b80, 11, 5;
L_0x5634659e20d0 .part L_0x5634659e0b80, 0, 16;
L_0x5634659e1f90 .part L_0x5634659e0c20, 0, 16;
L_0x5634659e24b0 .concat [ 32 32 0 0], v0x5634659c8860_0, v0x5634659c85b0_0;
L_0x5634659e2610 .part v0x5634659c5090_0, 32, 32;
L_0x5634659e2700 .part v0x5634659c5090_0, 0, 32;
L_0x5634659e28c0 .concat [ 32 32 0 0], v0x5634659c8770_0, v0x5634659c8690_0;
L_0x5634659e2960 .part v0x5634659c20a0_0, 32, 32;
L_0x5634659e2ae0 .part v0x5634659c20a0_0, 0, 32;
L_0x5634659e2c20 .concat [ 32 32 0 0], L_0x5634659e17e0, L_0x5634659e1120;
L_0x5634659e2e50 .part v0x5634659c5eb0_0, 32, 32;
L_0x5634659e2ef0 .part v0x5634659c5eb0_0, 0, 32;
L_0x5634659e30e0 .concat [ 5 5 5 0], L_0x5634659e1ea0, L_0x5634659e2030, L_0x5634659e1db0;
L_0x5634659e31d0 .part v0x5634659c57b0_0, 10, 5;
L_0x5634659e33b0 .part v0x5634659c57b0_0, 5, 5;
L_0x5634659e34d0 .part v0x5634659c57b0_0, 0, 5;
L_0x5634659e3710 .arith/mult 32, L_0x5634659e1120, L_0x7f48fbad1138;
L_0x5634659e3800 .arith/sum 32, v0x5634659caa30_0, L_0x5634659e3710;
L_0x5634659e3570 .cmp/eq 32, v0x5634659c85b0_0, v0x5634659c8860_0;
L_0x5634659e3ae0 .cmp/eq 32, v0x5634659c85b0_0, v0x5634659c8860_0;
LS_0x5634659e3f60_0_0 .concat [ 1 1 1 2], v0x5634659bf240_0, v0x5634659bf9a0_0, v0x5634659bf8e0_0, v0x5634659bf160_0;
LS_0x5634659e3f60_0_4 .concat [ 1 1 1 0], v0x5634659bf5a0_0, v0x5634659bf490_0, v0x5634659bf820_0;
L_0x5634659e3f60 .concat [ 5 3 0 0], LS_0x5634659e3f60_0_0, LS_0x5634659e3f60_0_4;
L_0x5634659e4280 .part v0x5634659c4980_0, 7, 1;
L_0x5634659e4470 .part v0x5634659c4980_0, 6, 1;
L_0x5634659e4560 .part v0x5634659c4980_0, 5, 1;
L_0x5634659e4760 .part v0x5634659c4980_0, 3, 2;
L_0x5634659e48e0 .part v0x5634659c4980_0, 2, 1;
L_0x5634659e4af0 .part v0x5634659c4980_0, 1, 1;
L_0x5634659e4b90 .part v0x5634659c4980_0, 0, 1;
L_0x5634659e4db0 .concat [ 1 1 1 1], L_0x5634659e4560, L_0x5634659e4470, L_0x5634659e4af0, L_0x5634659e48e0;
L_0x5634659e4f40 .part v0x5634659c65b0_0, 3, 1;
L_0x5634659e5170 .part v0x5634659c65b0_0, 2, 1;
L_0x5634659e5260 .part v0x5634659c65b0_0, 1, 1;
L_0x5634659e54f0 .part v0x5634659c65b0_0, 0, 1;
L_0x5634659e5670 .functor MUXZ 32, L_0x5634659e2700, L_0x5634659e2e50, L_0x5634659e4b90, C4<>;
L_0x5634659e59b0 .part L_0x5634659e2e50, 0, 6;
L_0x5634659e7560 .concat [ 32 0 0 0], v0x5634659be640_0;
L_0x5634659e7810 .part v0x5634659c2750_0, 0, 32;
L_0x5634659e7900 .functor MUXZ 5, L_0x5634659e31d0, L_0x5634659e33b0, L_0x5634659e4280, C4<>;
L_0x5634659e7d20 .concat [ 5 5 0 0], L_0x5634659e7c60, L_0x5634659e7900;
L_0x5634659e7e60 .part v0x5634659c6d90_0, 5, 5;
L_0x5634659e80e0 .part v0x5634659c6d90_0, 0, 5;
L_0x5634659e81d0 .arith/sum 32, L_0x5634659e2960, L_0x5634659e2ef0;
L_0x5634659e85c0 .concat [ 1 1 0 0], L_0x5634659e5170, L_0x5634659e4f40;
L_0x5634659e8700 .part v0x5634659c4260_0, 1, 1;
L_0x5634659e89f0 .part v0x5634659c4260_0, 0, 1;
L_0x5634659e8e00 .part v0x5634659c7490_0, 2, 7;
L_0x5634659e9150 .concat [ 5 5 0 0], L_0x5634659e80e0, L_0x5634659e7e60;
L_0x5634659e9290 .part v0x5634659c7bb0_0, 5, 5;
L_0x5634659e95a0 .part v0x5634659c7bb0_0, 0, 5;
S_0x5634659bcbf0 .scope module, "alu1" "alu" 3 267, 4 6 0, S_0x5634659bc930;
 .timescale 0 0;
    .port_info 0 /INPUT 4 "ctl";
    .port_info 1 /INPUT 32 "a";
    .port_info 2 /INPUT 32 "b";
    .port_info 3 /OUTPUT 32 "out";
L_0x5634659e5b40 .functor XNOR 1, L_0x5634659e5d70, L_0x5634659e5e10, C4<0>, C4<0>;
L_0x5634659e6080 .functor XOR 1, L_0x5634659e5eb0, L_0x5634659e5fa0, C4<0>, C4<0>;
L_0x5634659e6190 .functor AND 1, L_0x5634659e5b40, L_0x5634659e6080, C4<1>, C4<1>;
L_0x5634659e6710 .functor XNOR 1, L_0x5634659e6570, L_0x5634659e6610, C4<0>, C4<0>;
L_0x5634659e69d0 .functor XOR 1, L_0x5634659e67d0, L_0x5634659e68c0, C4<0>, C4<0>;
L_0x5634659e6ae0 .functor AND 1, L_0x5634659e6710, L_0x5634659e69d0, C4<1>, C4<1>;
L_0x5634659e6960 .functor NOT 1, L_0x5634659e71f0, C4<0>, C4<0>, C4<0>;
v0x563465994a50_0 .net *"_s11", 0 0, L_0x5634659e5eb0;  1 drivers
v0x56346598ec10_0 .net *"_s13", 0 0, L_0x5634659e5fa0;  1 drivers
v0x563465995350_0 .net *"_s14", 0 0, L_0x5634659e6080;  1 drivers
v0x56346598dfa0_0 .net *"_s16", 0 0, L_0x5634659e6190;  1 drivers
L_0x7f48fbad1180 .functor BUFT 1, C4<01>, C4<0>, C4<0>, C4<0>;
v0x563465978c80_0 .net/2s *"_s18", 1 0, L_0x7f48fbad1180;  1 drivers
L_0x7f48fbad11c8 .functor BUFT 1, C4<00>, C4<0>, C4<0>, C4<0>;
v0x5634659bcfa0_0 .net/2s *"_s20", 1 0, L_0x7f48fbad11c8;  1 drivers
v0x5634659bd080_0 .net *"_s22", 1 0, L_0x5634659e62a0;  1 drivers
v0x5634659bd160_0 .net *"_s27", 0 0, L_0x5634659e6570;  1 drivers
v0x5634659bd240_0 .net *"_s29", 0 0, L_0x5634659e6610;  1 drivers
v0x5634659bd320_0 .net *"_s30", 0 0, L_0x5634659e6710;  1 drivers
v0x5634659bd3e0_0 .net *"_s33", 0 0, L_0x5634659e67d0;  1 drivers
v0x5634659bd4c0_0 .net *"_s35", 0 0, L_0x5634659e68c0;  1 drivers
v0x5634659bd5a0_0 .net *"_s36", 0 0, L_0x5634659e69d0;  1 drivers
v0x5634659bd660_0 .net *"_s38", 0 0, L_0x5634659e6ae0;  1 drivers
L_0x7f48fbad1210 .functor BUFT 1, C4<01>, C4<0>, C4<0>, C4<0>;
v0x5634659bd720_0 .net/2s *"_s40", 1 0, L_0x7f48fbad1210;  1 drivers
L_0x7f48fbad1258 .functor BUFT 1, C4<00>, C4<0>, C4<0>, C4<0>;
v0x5634659bd800_0 .net/2s *"_s42", 1 0, L_0x7f48fbad1258;  1 drivers
v0x5634659bd8e0_0 .net *"_s44", 1 0, L_0x5634659e6c30;  1 drivers
L_0x7f48fbad12a0 .functor BUFT 1, C4<0010>, C4<0>, C4<0>, C4<0>;
v0x5634659bd9c0_0 .net/2u *"_s48", 3 0, L_0x7f48fbad12a0;  1 drivers
v0x5634659bdaa0_0 .net *"_s5", 0 0, L_0x5634659e5d70;  1 drivers
v0x5634659bdb80_0 .net *"_s50", 0 0, L_0x5634659e6ee0;  1 drivers
v0x5634659bdc40_0 .net *"_s55", 0 0, L_0x5634659e71f0;  1 drivers
v0x5634659bdd20_0 .net *"_s56", 0 0, L_0x5634659e6960;  1 drivers
v0x5634659bde00_0 .net *"_s59", 0 0, L_0x5634659e72e0;  1 drivers
v0x5634659bdee0_0 .net *"_s7", 0 0, L_0x5634659e5e10;  1 drivers
v0x5634659bdfc0_0 .net *"_s8", 0 0, L_0x5634659e5b40;  1 drivers
v0x5634659be080_0 .net "a", 31 0, L_0x5634659e2610;  alias, 1 drivers
v0x5634659be160_0 .net "add_ab", 31 0, L_0x5634659e5bb0;  1 drivers
v0x5634659be240_0 .net "b", 31 0, L_0x5634659e5670;  alias, 1 drivers
v0x5634659be320_0 .net "ctl", 3 0, v0x5634659beca0_0;  alias, 1 drivers
v0x5634659be400_0 .net "oflow", 0 0, L_0x5634659e6fd0;  1 drivers
v0x5634659be4c0_0 .net "oflow_add", 0 0, L_0x5634659e6430;  1 drivers
v0x5634659be580_0 .net "oflow_sub", 0 0, L_0x5634659e6d70;  1 drivers
v0x5634659be640_0 .var "out", 31 0;
v0x5634659be720_0 .net "slt", 0 0, L_0x5634659e7420;  1 drivers
v0x5634659be7e0_0 .net "sub_ab", 31 0, L_0x5634659e5aa0;  1 drivers
E_0x56346592b930/0 .event edge, v0x5634659be320_0, v0x5634659be160_0, v0x5634659be080_0, v0x5634659be240_0;
E_0x56346592b930/1 .event edge, v0x5634659be720_0, v0x5634659be7e0_0;
E_0x56346592b930 .event/or E_0x56346592b930/0, E_0x56346592b930/1;
L_0x5634659e5aa0 .arith/sub 32, L_0x5634659e2610, L_0x5634659e5670;
L_0x5634659e5bb0 .arith/sum 32, L_0x5634659e2610, L_0x5634659e5670;
L_0x5634659e5d70 .part L_0x5634659e2610, 31, 1;
L_0x5634659e5e10 .part L_0x5634659e5670, 31, 1;
L_0x5634659e5eb0 .part L_0x5634659e5bb0, 31, 1;
L_0x5634659e5fa0 .part L_0x5634659e2610, 31, 1;
L_0x5634659e62a0 .functor MUXZ 2, L_0x7f48fbad11c8, L_0x7f48fbad1180, L_0x5634659e6190, C4<>;
L_0x5634659e6430 .part L_0x5634659e62a0, 0, 1;
L_0x5634659e6570 .part L_0x5634659e2610, 31, 1;
L_0x5634659e6610 .part L_0x5634659e5670, 31, 1;
L_0x5634659e67d0 .part L_0x5634659e5aa0, 31, 1;
L_0x5634659e68c0 .part L_0x5634659e2610, 31, 1;
L_0x5634659e6c30 .functor MUXZ 2, L_0x7f48fbad1258, L_0x7f48fbad1210, L_0x5634659e6ae0, C4<>;
L_0x5634659e6d70 .part L_0x5634659e6c30, 0, 1;
L_0x5634659e6ee0 .cmp/eq 4, v0x5634659beca0_0, L_0x7f48fbad12a0;
L_0x5634659e6fd0 .functor MUXZ 1, L_0x5634659e6d70, L_0x5634659e6430, L_0x5634659e6ee0, C4<>;
L_0x5634659e71f0 .part L_0x5634659e2610, 31, 1;
L_0x5634659e72e0 .part L_0x5634659e2610, 31, 1;
L_0x5634659e7420 .functor MUXZ 1, L_0x5634659e72e0, L_0x5634659e6960, L_0x5634659e6d70, C4<>;
S_0x5634659be940 .scope module, "alu_ctl1" "alu_control" 3 261, 5 4 0, S_0x5634659bc930;
 .timescale 0 0;
    .port_info 0 /INPUT 6 "funct";
    .port_info 1 /INPUT 2 "aluop";
    .port_info 2 /OUTPUT 4 "aluctl";
v0x5634659beba0_0 .var "_funct", 3 0;
v0x5634659beca0_0 .var "aluctl", 3 0;
v0x5634659bed60_0 .net "aluop", 1 0, L_0x5634659e4760;  alias, 1 drivers
v0x5634659bee00_0 .net "funct", 5 0, L_0x5634659e59b0;  alias, 1 drivers
E_0x56346592b0b0 .event edge, v0x5634659bed60_0, v0x5634659beba0_0;
E_0x56346592bc10 .event edge, v0x5634659bee00_0;
S_0x5634659bef60 .scope module, "ctl1" "control" 3 206, 6 4 0, S_0x5634659bc930;
 .timescale 0 0;
    .port_info 0 /INPUT 6 "opcode";
    .port_info 1 /INPUT 6 "opcode1";
    .port_info 2 /OUTPUT 1 "branch_eq";
    .port_info 3 /OUTPUT 1 "branch_ne";
    .port_info 4 /OUTPUT 2 "aluop";
    .port_info 5 /OUTPUT 1 "memread";
    .port_info 6 /OUTPUT 1 "memwrite";
    .port_info 7 /OUTPUT 1 "regdst";
    .port_info 8 /OUTPUT 1 "regwrite";
    .port_info 9 /OUTPUT 1 "regwrite1";
    .port_info 10 /OUTPUT 1 "alusrc";
v0x5634659bf160_0 .var "aluop", 1 0;
v0x5634659bf240_0 .var "alusrc", 0 0;
v0x5634659bf300_0 .var "branch_eq", 0 0;
v0x5634659bf3d0_0 .var "branch_ne", 0 0;
v0x5634659bf490_0 .var "memread", 0 0;
v0x5634659bf5a0_0 .var "memwrite", 0 0;
v0x5634659bf660_0 .net "opcode", 5 0, L_0x5634659e18f0;  alias, 1 drivers
v0x5634659bf740_0 .net "opcode1", 5 0, L_0x5634659e19e0;  alias, 1 drivers
v0x5634659bf820_0 .var "regdst", 0 0;
v0x5634659bf8e0_0 .var "regwrite", 0 0;
v0x5634659bf9a0_0 .var "regwrite1", 0 0;
E_0x56346592b350 .event edge, v0x5634659bf740_0, v0x5634659bf660_0;
S_0x5634659bfc20 .scope module, "dm1" "dm" 3 307, 7 32 0, S_0x5634659bc930;
 .timescale 0 0;
    .port_info 0 /INPUT 1 "clk";
    .port_info 1 /INPUT 7 "addr";
    .port_info 2 /INPUT 1 "rd";
    .port_info 3 /INPUT 1 "wr";
    .port_info 4 /INPUT 32 "wdata";
    .port_info 5 /OUTPUT 32 "rdata";
P_0x5634659bfdb0 .param/l "NMEM" 0 7 38, +C4<00000000000000000000000000010100>;
P_0x5634659bfdf0 .param/str "RM_DATA" 0 7 40, "dm_data.txt";
v0x5634659c0070_0 .net *"_s0", 31 0, L_0x5634659e8b30;  1 drivers
v0x5634659c0170_0 .net *"_s2", 8 0, L_0x5634659e8bd0;  1 drivers
L_0x7f48fbad1330 .functor BUFT 1, C4<00>, C4<0>, C4<0>, C4<0>;
v0x5634659c0250_0 .net *"_s5", 1 0, L_0x7f48fbad1330;  1 drivers
v0x5634659c0340_0 .net "addr", 6 0, L_0x5634659e8e00;  1 drivers
v0x5634659c0420_0 .net "clk", 0 0, v0x5634659916d0_0;  alias, 1 drivers
v0x5634659c0510 .array "mem", 127 0, 31 0;
v0x5634659c05b0_0 .net "rd", 0 0, L_0x5634659e5260;  alias, 1 drivers
v0x5634659c0670_0 .net "rdata", 31 0, L_0x5634659e8d10;  alias, 1 drivers
v0x5634659c0750_0 .net "wdata", 31 0, v0x5634659c3520_0;  alias, 1 drivers
v0x5634659c0830_0 .net "wr", 0 0, L_0x5634659e54f0;  alias, 1 drivers
E_0x5634659a56b0 .event posedge, v0x5634659916d0_0;
L_0x5634659e8b30 .array/port v0x5634659c0510, L_0x5634659e8bd0;
L_0x5634659e8bd0 .concat [ 7 2 0 0], L_0x5634659e8e00, L_0x7f48fbad1330;
L_0x5634659e8d10 .functor MUXZ 32, L_0x5634659e8b30, v0x5634659c3520_0, L_0x5634659e54f0, C4<>;
S_0x5634659c09f0 .scope module, "im1" "im" 3 117, 8 24 0, S_0x5634659bc930;
 .timescale 0 0;
    .port_info 0 /INPUT 32 "addr";
    .port_info 1 /OUTPUT 32 "data";
    .port_info 2 /OUTPUT 32 "data1";
P_0x5634659c0bd0 .param/str "IM_DATA" 0 8 31, "im_data1.txt";
P_0x5634659c0c10 .param/l "NMEM" 0 8 29, +C4<00000000000000000000000000010100>;
L_0x5634659e0000 .functor BUFZ 32, L_0x5634659e0180, C4<00000000000000000000000000000000>, C4<00000000000000000000000000000000>, C4<00000000000000000000000000000000>;
L_0x5634659e08e0 .functor BUFZ 32, L_0x5634659e0510, C4<00000000000000000000000000000000>, C4<00000000000000000000000000000000>, C4<00000000000000000000000000000000>;
v0x5634659c0e20_0 .net *"_s0", 31 0, L_0x5634659e0180;  1 drivers
v0x5634659c0f20_0 .net *"_s10", 31 0, L_0x5634659e0510;  1 drivers
v0x5634659c1000_0 .net *"_s13", 6 0, L_0x5634659e05e0;  1 drivers
v0x5634659c10f0_0 .net *"_s14", 32 0, L_0x5634659e0710;  1 drivers
L_0x7f48fbad10a8 .functor BUFT 1, C4<00000000000000000000000000>, C4<0>, C4<0>, C4<0>;
v0x5634659c11d0_0 .net *"_s17", 25 0, L_0x7f48fbad10a8;  1 drivers
L_0x7f48fbad10f0 .functor BUFT 1, C4<000000000000000000000000000000001>, C4<0>, C4<0>, C4<0>;
v0x5634659c1300_0 .net/2u *"_s18", 32 0, L_0x7f48fbad10f0;  1 drivers
v0x5634659c13e0_0 .net *"_s20", 32 0, L_0x5634659e0840;  1 drivers
v0x5634659c14c0_0 .net *"_s3", 6 0, L_0x5634659e0240;  1 drivers
v0x5634659c15a0_0 .net *"_s4", 8 0, L_0x5634659e02e0;  1 drivers
L_0x7f48fbad1060 .functor BUFT 1, C4<00>, C4<0>, C4<0>, C4<0>;
v0x5634659c1680_0 .net *"_s7", 1 0, L_0x7f48fbad1060;  1 drivers
v0x5634659c1760_0 .net "addr", 31 0, v0x5634659cdcf0_0;  1 drivers
v0x5634659c1840_0 .net "data", 31 0, L_0x5634659e0000;  alias, 1 drivers
v0x5634659c1920_0 .net "data1", 31 0, L_0x5634659e08e0;  alias, 1 drivers
v0x5634659c1a00 .array "mem", 127 0, 31 0;
L_0x5634659e0180 .array/port v0x5634659c1a00, L_0x5634659e02e0;
L_0x5634659e0240 .part v0x5634659cdcf0_0, 2, 7;
L_0x5634659e02e0 .concat [ 7 2 0 0], L_0x5634659e0240, L_0x7f48fbad1060;
L_0x5634659e0510 .array/port v0x5634659c1a00, L_0x5634659e0840;
L_0x5634659e05e0 .part v0x5634659cdcf0_0, 2, 7;
L_0x5634659e0710 .concat [ 7 26 0 0], L_0x5634659e05e0, L_0x7f48fbad10a8;
L_0x5634659e0840 .arith/sum 33, L_0x5634659e0710, L_0x7f48fbad10f0;
S_0x5634659c1b40 .scope module, "reg1_s2_mem" "regr" 3 172, 9 5 0, S_0x5634659bc930;
 .timescale 0 0;
    .port_info 0 /INPUT 1 "clk";
    .port_info 1 /INPUT 1 "clear";
    .port_info 2 /INPUT 64 "in";
    .port_info 3 /OUTPUT 64 "out";
P_0x5634659c1cd0 .param/l "N" 0 9 11, +C4<00000000000000000000000001000000>;
v0x5634659c1e30_0 .net "clear", 0 0, v0x5634659cce10_0;  1 drivers
v0x5634659c1ef0_0 .net "clk", 0 0, v0x5634659916d0_0;  alias, 1 drivers
v0x5634659c2000_0 .net "in", 63 0, L_0x5634659e28c0;  1 drivers
v0x5634659c20a0_0 .var "out", 63 0;
S_0x5634659c2230 .scope module, "reg_alurslt" "regr" 3 273, 9 5 0, S_0x5634659bc930;
 .timescale 0 0;
    .port_info 0 /INPUT 1 "clk";
    .port_info 1 /INPUT 1 "clear";
    .port_info 2 /INPUT 32 "in";
    .port_info 3 /OUTPUT 32 "out";
P_0x5634659c2410 .param/l "N" 0 9 11, +C4<00000000000000000000000000100000>;
v0x5634659c24e0_0 .net "clear", 0 0, v0x5634659cceb0_0;  1 drivers
v0x5634659c25c0_0 .net "clk", 0 0, v0x5634659916d0_0;  alias, 1 drivers
v0x5634659c2680_0 .net "in", 31 0, L_0x5634659e7560;  1 drivers
v0x5634659c2750_0 .var "out", 31 0;
S_0x5634659c28e0 .scope module, "reg_alurslt_s4" "regr" 3 318, 9 5 0, S_0x5634659bc930;
 .timescale 0 0;
    .port_info 0 /INPUT 1 "clk";
    .port_info 1 /INPUT 1 "clear";
    .port_info 2 /INPUT 32 "in";
    .port_info 3 /OUTPUT 32 "out";
P_0x5634659c2ac0 .param/l "N" 0 9 11, +C4<00000000000000000000000000100000>;
L_0x7f48fbad13c0 .functor BUFT 1, C4<0>, C4<0>, C4<0>, C4<0>;
v0x5634659c2b90_0 .net "clear", 0 0, L_0x7f48fbad13c0;  1 drivers
v0x5634659c2c70_0 .net "clk", 0 0, v0x5634659916d0_0;  alias, 1 drivers
v0x5634659c2d30_0 .net "in", 31 0, L_0x5634659e7810;  alias, 1 drivers
v0x5634659c2e00_0 .var "out", 31 0;
S_0x5634659c2f90 .scope module, "reg_data2_s3" "regr" 3 279, 9 5 0, S_0x5634659bc930;
 .timescale 0 0;
    .port_info 0 /INPUT 1 "clk";
    .port_info 1 /INPUT 1 "clear";
    .port_info 2 /INPUT 32 "in";
    .port_info 3 /OUTPUT 32 "out";
P_0x5634659c0b80 .param/l "N" 0 9 11, +C4<00000000000000000000000000100000>;
v0x5634659c32c0_0 .net "clear", 0 0, v0x5634659cceb0_0;  alias, 1 drivers
v0x5634659c33b0_0 .net "clk", 0 0, v0x5634659916d0_0;  alias, 1 drivers
v0x5634659c3450_0 .net "in", 31 0, L_0x5634659e2ae0;  alias, 1 drivers
v0x5634659c3520_0 .var "out", 31 0;
S_0x5634659c36a0 .scope module, "reg_rdata_s4" "regr" 3 312, 9 5 0, S_0x5634659bc930;
 .timescale 0 0;
    .port_info 0 /INPUT 1 "clk";
    .port_info 1 /INPUT 1 "clear";
    .port_info 2 /INPUT 32 "in";
    .port_info 3 /OUTPUT 32 "out";
P_0x5634659c3880 .param/l "N" 0 9 11, +C4<00000000000000000000000000100000>;
L_0x7f48fbad1378 .functor BUFT 1, C4<0>, C4<0>, C4<0>, C4<0>;
v0x5634659c3950_0 .net "clear", 0 0, L_0x7f48fbad1378;  1 drivers
v0x5634659c3a30_0 .net "clk", 0 0, v0x5634659916d0_0;  alias, 1 drivers
v0x5634659c3af0_0 .net "in", 31 0, L_0x5634659e8d10;  alias, 1 drivers
v0x5634659c3bf0_0 .var "out", 31 0;
S_0x5634659c3d40 .scope module, "reg_regwrite_s4" "regr" 3 301, 9 5 0, S_0x5634659bc930;
 .timescale 0 0;
    .port_info 0 /INPUT 1 "clk";
    .port_info 1 /INPUT 1 "clear";
    .port_info 2 /INPUT 2 "in";
    .port_info 3 /OUTPUT 2 "out";
P_0x5634659c3f20 .param/l "N" 0 9 11, +C4<00000000000000000000000000000010>;
L_0x7f48fbad12e8 .functor BUFT 1, C4<0>, C4<0>, C4<0>, C4<0>;
v0x5634659c3ff0_0 .net "clear", 0 0, L_0x7f48fbad12e8;  1 drivers
v0x5634659c40d0_0 .net "clk", 0 0, v0x5634659916d0_0;  alias, 1 drivers
v0x5634659c4190_0 .net "in", 1 0, L_0x5634659e85c0;  1 drivers
v0x5634659c4260_0 .var "out", 1 0;
S_0x5634659c43f0 .scope module, "reg_s2_control" "regr" 3 230, 9 5 0, S_0x5634659bc930;
 .timescale 0 0;
    .port_info 0 /INPUT 1 "clk";
    .port_info 1 /INPUT 1 "clear";
    .port_info 2 /INPUT 8 "in";
    .port_info 3 /OUTPUT 8 "out";
P_0x5634659c45d0 .param/l "N" 0 9 11, +C4<00000000000000000000000000001000>;
v0x5634659c4710_0 .net "clear", 0 0, v0x5634659cf6a0_0;  1 drivers
v0x5634659c47f0_0 .net "clk", 0 0, v0x5634659916d0_0;  alias, 1 drivers
v0x5634659c48b0_0 .net "in", 7 0, L_0x5634659e3f60;  1 drivers
v0x5634659c4980_0 .var "out", 7 0;
S_0x5634659c4b10 .scope module, "reg_s2_mem" "regr" 3 166, 9 5 0, S_0x5634659bc930;
 .timescale 0 0;
    .port_info 0 /INPUT 1 "clk";
    .port_info 1 /INPUT 1 "clear";
    .port_info 2 /INPUT 64 "in";
    .port_info 3 /OUTPUT 64 "out";
P_0x5634659c4cf0 .param/l "N" 0 9 11, +C4<00000000000000000000000001000000>;
v0x5634659c4e30_0 .net "clear", 0 0, v0x5634659cce10_0;  alias, 1 drivers
v0x5634659c4f20_0 .net "clk", 0 0, v0x5634659916d0_0;  alias, 1 drivers
v0x5634659c4fc0_0 .net "in", 63 0, L_0x5634659e24b0;  1 drivers
v0x5634659c5090_0 .var "out", 63 0;
S_0x5634659c5220 .scope module, "reg_s2_rt_rd" "regr" 3 186, 9 5 0, S_0x5634659bc930;
 .timescale 0 0;
    .port_info 0 /INPUT 1 "clk";
    .port_info 1 /INPUT 1 "clear";
    .port_info 2 /INPUT 15 "in";
    .port_info 3 /OUTPUT 15 "out";
P_0x5634659c5400 .param/l "N" 0 9 11, +C4<00000000000000000000000000001111>;
v0x5634659c5540_0 .net "clear", 0 0, v0x5634659cce10_0;  alias, 1 drivers
v0x5634659c5650_0 .net "clk", 0 0, v0x5634659916d0_0;  alias, 1 drivers
v0x5634659c5710_0 .net "in", 14 0, L_0x5634659e30e0;  1 drivers
v0x5634659c57b0_0 .var "out", 14 0;
S_0x5634659c5940 .scope module, "reg_s2_seimm" "regr" 3 181, 9 5 0, S_0x5634659bc930;
 .timescale 0 0;
    .port_info 0 /INPUT 1 "clk";
    .port_info 1 /INPUT 1 "clear";
    .port_info 2 /INPUT 64 "in";
    .port_info 3 /OUTPUT 64 "out";
P_0x5634659c5b20 .param/l "N" 0 9 11, +C4<00000000000000000000000001000000>;
v0x5634659c5c60_0 .net "clear", 0 0, v0x5634659cce10_0;  alias, 1 drivers
v0x5634659c5d20_0 .net "clk", 0 0, v0x5634659916d0_0;  alias, 1 drivers
v0x5634659c5de0_0 .net "in", 63 0, L_0x5634659e2c20;  1 drivers
v0x5634659c5eb0_0 .var "out", 63 0;
S_0x5634659c6040 .scope module, "reg_s3" "regr" 3 246, 9 5 0, S_0x5634659bc930;
 .timescale 0 0;
    .port_info 0 /INPUT 1 "clk";
    .port_info 1 /INPUT 1 "clear";
    .port_info 2 /INPUT 4 "in";
    .port_info 3 /OUTPUT 4 "out";
P_0x5634659c6220 .param/l "N" 0 9 11, +C4<00000000000000000000000000000100>;
v0x5634659c6360_0 .net "clear", 0 0, v0x5634659cce10_0;  alias, 1 drivers
v0x5634659c6420_0 .net "clk", 0 0, v0x5634659916d0_0;  alias, 1 drivers
v0x5634659c64e0_0 .net "in", 3 0, L_0x5634659e4db0;  1 drivers
v0x5634659c65b0_0 .var "out", 3 0;
S_0x5634659c6740 .scope module, "reg_wrreg" "regr" 3 288, 9 5 0, S_0x5634659bc930;
 .timescale 0 0;
    .port_info 0 /INPUT 1 "clk";
    .port_info 1 /INPUT 1 "clear";
    .port_info 2 /INPUT 10 "in";
    .port_info 3 /OUTPUT 10 "out";
P_0x5634659c69e0 .param/l "N" 0 9 11, +C4<00000000000000000000000000001010>;
v0x5634659c6b20_0 .net "clear", 0 0, v0x5634659cceb0_0;  alias, 1 drivers
v0x5634659c6c30_0 .net "clk", 0 0, v0x5634659916d0_0;  alias, 1 drivers
v0x5634659c6cf0_0 .net "in", 9 0, L_0x5634659e7d20;  1 drivers
v0x5634659c6d90_0 .var "out", 9 0;
S_0x5634659c6f20 .scope module, "reg_wrreg1" "regr" 3 293, 9 5 0, S_0x5634659bc930;
 .timescale 0 0;
    .port_info 0 /INPUT 1 "clk";
    .port_info 1 /INPUT 1 "clear";
    .port_info 2 /INPUT 32 "in";
    .port_info 3 /OUTPUT 32 "out";
P_0x5634659c7100 .param/l "N" 0 9 11, +C4<00000000000000000000000000100000>;
v0x5634659c7240_0 .net "clear", 0 0, v0x5634659cceb0_0;  alias, 1 drivers
v0x5634659c7300_0 .net "clk", 0 0, v0x5634659916d0_0;  alias, 1 drivers
v0x5634659c73c0_0 .net "in", 31 0, L_0x5634659e81d0;  alias, 1 drivers
v0x5634659c7490_0 .var "out", 31 0;
S_0x5634659c7620 .scope module, "reg_wrreg_s4" "regr" 3 323, 9 5 0, S_0x5634659bc930;
 .timescale 0 0;
    .port_info 0 /INPUT 1 "clk";
    .port_info 1 /INPUT 1 "clear";
    .port_info 2 /INPUT 10 "in";
    .port_info 3 /OUTPUT 10 "out";
P_0x5634659c7800 .param/l "N" 0 9 11, +C4<00000000000000000000000000001010>;
L_0x7f48fbad1408 .functor BUFT 1, C4<0>, C4<0>, C4<0>, C4<0>;
v0x5634659c7940_0 .net "clear", 0 0, L_0x7f48fbad1408;  1 drivers
v0x5634659c7a20_0 .net "clk", 0 0, v0x5634659916d0_0;  alias, 1 drivers
v0x5634659c7ae0_0 .net "in", 9 0, L_0x5634659e9150;  1 drivers
v0x5634659c7bb0_0 .var "out", 9 0;
S_0x5634659c7d40 .scope module, "regm1" "regm" 3 155, 10 27 0, S_0x5634659bc930;
 .timescale 0 0;
    .port_info 0 /INPUT 1 "clk";
    .port_info 1 /INPUT 5 "read1";
    .port_info 2 /INPUT 5 "read2";
    .port_info 3 /INPUT 5 "read11";
    .port_info 4 /INPUT 5 "read12";
    .port_info 5 /OUTPUT 32 "data1";
    .port_info 6 /OUTPUT 32 "data2";
    .port_info 7 /OUTPUT 32 "data11";
    .port_info 8 /OUTPUT 32 "data12";
    .port_info 9 /INPUT 1 "regwrite";
    .port_info 10 /INPUT 1 "regwrite1";
    .port_info 11 /INPUT 5 "wrreg";
    .port_info 12 /INPUT 5 "wrreg1";
    .port_info 13 /INPUT 32 "wrdata";
    .port_info 14 /INPUT 32 "wrdata1";
P_0x5634659c3120 .param/l "NMEM" 0 10 37, +C4<00000000000000000000000000010100>;
P_0x5634659c3160 .param/str "RM_DATA" 0 10 39, "rm_data.txt";
v0x5634659c85b0_0 .var "_data1", 31 0;
v0x5634659c8690_0 .var "_data11", 31 0;
v0x5634659c8770_0 .var "_data12", 31 0;
v0x5634659c8860_0 .var "_data2", 31 0;
v0x5634659c8940_0 .net "clk", 0 0, v0x5634659916d0_0;  alias, 1 drivers
v0x5634659c8a30_0 .net "data1", 31 0, v0x5634659c85b0_0;  alias, 1 drivers
v0x5634659c8b10_0 .net "data11", 31 0, v0x5634659c8690_0;  alias, 1 drivers
v0x5634659c8bf0_0 .net "data12", 31 0, v0x5634659c8770_0;  alias, 1 drivers
v0x5634659c8cd0_0 .net "data2", 31 0, v0x5634659c8860_0;  alias, 1 drivers
v0x5634659c8db0 .array "mem", 31 0, 31 0;
v0x5634659c9270_0 .net "read1", 4 0, L_0x5634659e1b90;  alias, 1 drivers
v0x5634659c9350_0 .net "read11", 4 0, L_0x5634659e1c30;  alias, 1 drivers
v0x5634659c9430_0 .net "read12", 4 0, L_0x5634659e1ea0;  alias, 1 drivers
v0x5634659c9510_0 .net "read2", 4 0, L_0x5634659e1db0;  alias, 1 drivers
v0x5634659c95f0_0 .net "regwrite", 0 0, L_0x5634659e8700;  alias, 1 drivers
v0x5634659c96b0_0 .net "regwrite1", 0 0, L_0x5634659e89f0;  alias, 1 drivers
v0x5634659c9770_0 .net "wrdata", 31 0, L_0x5634659e8270;  alias, 1 drivers
v0x5634659c9960_0 .net "wrdata1", 31 0, L_0x5634659e97c0;  alias, 1 drivers
v0x5634659c9a40_0 .net "wrreg", 4 0, L_0x5634659e9290;  alias, 1 drivers
v0x5634659c9b20_0 .net "wrreg1", 4 0, L_0x5634659e95a0;  alias, 1 drivers
E_0x5634658ffbe0/0 .event edge, v0x5634659c9430_0, v0x5634659c9b20_0, v0x5634659c96b0_0, v0x5634659c9960_0;
v0x5634659c8db0_0 .array/port v0x5634659c8db0, 0;
v0x5634659c8db0_1 .array/port v0x5634659c8db0, 1;
v0x5634659c8db0_2 .array/port v0x5634659c8db0, 2;
v0x5634659c8db0_3 .array/port v0x5634659c8db0, 3;
E_0x5634658ffbe0/1 .event edge, v0x5634659c8db0_0, v0x5634659c8db0_1, v0x5634659c8db0_2, v0x5634659c8db0_3;
v0x5634659c8db0_4 .array/port v0x5634659c8db0, 4;
v0x5634659c8db0_5 .array/port v0x5634659c8db0, 5;
v0x5634659c8db0_6 .array/port v0x5634659c8db0, 6;
v0x5634659c8db0_7 .array/port v0x5634659c8db0, 7;
E_0x5634658ffbe0/2 .event edge, v0x5634659c8db0_4, v0x5634659c8db0_5, v0x5634659c8db0_6, v0x5634659c8db0_7;
v0x5634659c8db0_8 .array/port v0x5634659c8db0, 8;
v0x5634659c8db0_9 .array/port v0x5634659c8db0, 9;
v0x5634659c8db0_10 .array/port v0x5634659c8db0, 10;
v0x5634659c8db0_11 .array/port v0x5634659c8db0, 11;
E_0x5634658ffbe0/3 .event edge, v0x5634659c8db0_8, v0x5634659c8db0_9, v0x5634659c8db0_10, v0x5634659c8db0_11;
v0x5634659c8db0_12 .array/port v0x5634659c8db0, 12;
v0x5634659c8db0_13 .array/port v0x5634659c8db0, 13;
v0x5634659c8db0_14 .array/port v0x5634659c8db0, 14;
v0x5634659c8db0_15 .array/port v0x5634659c8db0, 15;
E_0x5634658ffbe0/4 .event edge, v0x5634659c8db0_12, v0x5634659c8db0_13, v0x5634659c8db0_14, v0x5634659c8db0_15;
v0x5634659c8db0_16 .array/port v0x5634659c8db0, 16;
v0x5634659c8db0_17 .array/port v0x5634659c8db0, 17;
v0x5634659c8db0_18 .array/port v0x5634659c8db0, 18;
v0x5634659c8db0_19 .array/port v0x5634659c8db0, 19;
E_0x5634658ffbe0/5 .event edge, v0x5634659c8db0_16, v0x5634659c8db0_17, v0x5634659c8db0_18, v0x5634659c8db0_19;
v0x5634659c8db0_20 .array/port v0x5634659c8db0, 20;
v0x5634659c8db0_21 .array/port v0x5634659c8db0, 21;
v0x5634659c8db0_22 .array/port v0x5634659c8db0, 22;
v0x5634659c8db0_23 .array/port v0x5634659c8db0, 23;
E_0x5634658ffbe0/6 .event edge, v0x5634659c8db0_20, v0x5634659c8db0_21, v0x5634659c8db0_22, v0x5634659c8db0_23;
v0x5634659c8db0_24 .array/port v0x5634659c8db0, 24;
v0x5634659c8db0_25 .array/port v0x5634659c8db0, 25;
v0x5634659c8db0_26 .array/port v0x5634659c8db0, 26;
v0x5634659c8db0_27 .array/port v0x5634659c8db0, 27;
E_0x5634658ffbe0/7 .event edge, v0x5634659c8db0_24, v0x5634659c8db0_25, v0x5634659c8db0_26, v0x5634659c8db0_27;
v0x5634659c8db0_28 .array/port v0x5634659c8db0, 28;
v0x5634659c8db0_29 .array/port v0x5634659c8db0, 29;
v0x5634659c8db0_30 .array/port v0x5634659c8db0, 30;
v0x5634659c8db0_31 .array/port v0x5634659c8db0, 31;
E_0x5634658ffbe0/8 .event edge, v0x5634659c8db0_28, v0x5634659c8db0_29, v0x5634659c8db0_30, v0x5634659c8db0_31;
E_0x5634658ffbe0 .event/or E_0x5634658ffbe0/0, E_0x5634658ffbe0/1, E_0x5634658ffbe0/2, E_0x5634658ffbe0/3, E_0x5634658ffbe0/4, E_0x5634658ffbe0/5, E_0x5634658ffbe0/6, E_0x5634658ffbe0/7, E_0x5634658ffbe0/8;
E_0x5634659c8130/0 .event edge, v0x5634659c9350_0, v0x5634659c9b20_0, v0x5634659c96b0_0, v0x5634659c9960_0;
E_0x5634659c8130/1 .event edge, v0x5634659c8db0_0, v0x5634659c8db0_1, v0x5634659c8db0_2, v0x5634659c8db0_3;
E_0x5634659c8130/2 .event edge, v0x5634659c8db0_4, v0x5634659c8db0_5, v0x5634659c8db0_6, v0x5634659c8db0_7;
E_0x5634659c8130/3 .event edge, v0x5634659c8db0_8, v0x5634659c8db0_9, v0x5634659c8db0_10, v0x5634659c8db0_11;
E_0x5634659c8130/4 .event edge, v0x5634659c8db0_12, v0x5634659c8db0_13, v0x5634659c8db0_14, v0x5634659c8db0_15;
E_0x5634659c8130/5 .event edge, v0x5634659c8db0_16, v0x5634659c8db0_17, v0x5634659c8db0_18, v0x5634659c8db0_19;
E_0x5634659c8130/6 .event edge, v0x5634659c8db0_20, v0x5634659c8db0_21, v0x5634659c8db0_22, v0x5634659c8db0_23;
E_0x5634659c8130/7 .event edge, v0x5634659c8db0_24, v0x5634659c8db0_25, v0x5634659c8db0_26, v0x5634659c8db0_27;
E_0x5634659c8130/8 .event edge, v0x5634659c8db0_28, v0x5634659c8db0_29, v0x5634659c8db0_30, v0x5634659c8db0_31;
E_0x5634659c8130 .event/or E_0x5634659c8130/0, E_0x5634659c8130/1, E_0x5634659c8130/2, E_0x5634659c8130/3, E_0x5634659c8130/4, E_0x5634659c8130/5, E_0x5634659c8130/6, E_0x5634659c8130/7, E_0x5634659c8130/8;
E_0x5634659c82a0/0 .event edge, v0x5634659c9510_0, v0x5634659c9a40_0, v0x5634659c95f0_0, v0x5634659c9770_0;
E_0x5634659c82a0/1 .event edge, v0x5634659c8db0_0, v0x5634659c8db0_1, v0x5634659c8db0_2, v0x5634659c8db0_3;
E_0x5634659c82a0/2 .event edge, v0x5634659c8db0_4, v0x5634659c8db0_5, v0x5634659c8db0_6, v0x5634659c8db0_7;
E_0x5634659c82a0/3 .event edge, v0x5634659c8db0_8, v0x5634659c8db0_9, v0x5634659c8db0_10, v0x5634659c8db0_11;
E_0x5634659c82a0/4 .event edge, v0x5634659c8db0_12, v0x5634659c8db0_13, v0x5634659c8db0_14, v0x5634659c8db0_15;
E_0x5634659c82a0/5 .event edge, v0x5634659c8db0_16, v0x5634659c8db0_17, v0x5634659c8db0_18, v0x5634659c8db0_19;
E_0x5634659c82a0/6 .event edge, v0x5634659c8db0_20, v0x5634659c8db0_21, v0x5634659c8db0_22, v0x5634659c8db0_23;
E_0x5634659c82a0/7 .event edge, v0x5634659c8db0_24, v0x5634659c8db0_25, v0x5634659c8db0_26, v0x5634659c8db0_27;
E_0x5634659c82a0/8 .event edge, v0x5634659c8db0_28, v0x5634659c8db0_29, v0x5634659c8db0_30, v0x5634659c8db0_31;
E_0x5634659c82a0 .event/or E_0x5634659c82a0/0, E_0x5634659c82a0/1, E_0x5634659c82a0/2, E_0x5634659c82a0/3, E_0x5634659c82a0/4, E_0x5634659c82a0/5, E_0x5634659c82a0/6, E_0x5634659c82a0/7, E_0x5634659c82a0/8;
E_0x5634659c8410/0 .event edge, v0x5634659c9270_0, v0x5634659c9a40_0, v0x5634659c95f0_0, v0x5634659c9770_0;
E_0x5634659c8410/1 .event edge, v0x5634659c8db0_0, v0x5634659c8db0_1, v0x5634659c8db0_2, v0x5634659c8db0_3;
E_0x5634659c8410/2 .event edge, v0x5634659c8db0_4, v0x5634659c8db0_5, v0x5634659c8db0_6, v0x5634659c8db0_7;
E_0x5634659c8410/3 .event edge, v0x5634659c8db0_8, v0x5634659c8db0_9, v0x5634659c8db0_10, v0x5634659c8db0_11;
E_0x5634659c8410/4 .event edge, v0x5634659c8db0_12, v0x5634659c8db0_13, v0x5634659c8db0_14, v0x5634659c8db0_15;
E_0x5634659c8410/5 .event edge, v0x5634659c8db0_16, v0x5634659c8db0_17, v0x5634659c8db0_18, v0x5634659c8db0_19;
E_0x5634659c8410/6 .event edge, v0x5634659c8db0_20, v0x5634659c8db0_21, v0x5634659c8db0_22, v0x5634659c8db0_23;
E_0x5634659c8410/7 .event edge, v0x5634659c8db0_24, v0x5634659c8db0_25, v0x5634659c8db0_26, v0x5634659c8db0_27;
E_0x5634659c8410/8 .event edge, v0x5634659c8db0_28, v0x5634659c8db0_29, v0x5634659c8db0_30, v0x5634659c8db0_31;
E_0x5634659c8410 .event/or E_0x5634659c8410/0, E_0x5634659c8410/1, E_0x5634659c8410/2, E_0x5634659c8410/3, E_0x5634659c8410/4, E_0x5634659c8410/5, E_0x5634659c8410/6, E_0x5634659c8410/7, E_0x5634659c8410/8;
S_0x5634659c9de0 .scope module, "regr_im_s2" "regr" 3 118, 9 5 0, S_0x5634659bc930;
 .timescale 0 0;
    .port_info 0 /INPUT 1 "clk";
    .port_info 1 /INPUT 1 "clear";
    .port_info 2 /INPUT 64 "in";
    .port_info 3 /OUTPUT 64 "out";
P_0x5634659c9f70 .param/l "N" 0 9 11, +C4<00000000000000000000000001000000>;
v0x5634659ca0b0_0 .net "clear", 0 0, v0x5634659ccd20_0;  1 drivers
v0x5634659ca190_0 .net "clk", 0 0, v0x5634659916d0_0;  alias, 1 drivers
v0x5634659ca250_0 .net "in", 63 0, L_0x5634659e0ae0;  1 drivers
v0x5634659ca320_0 .var "out", 63 0;
S_0x5634659ca4b0 .scope module, "regr_pc8_s2" "regr" 3 109, 9 5 0, S_0x5634659bc930;
 .timescale 0 0;
    .port_info 0 /INPUT 1 "clk";
    .port_info 1 /INPUT 1 "clear";
    .port_info 2 /INPUT 32 "in";
    .port_info 3 /OUTPUT 32 "out";
P_0x5634659ca690 .param/l "N" 0 9 11, +C4<00000000000000000000000000100000>;
v0x5634659ca7d0_0 .net "clear", 0 0, v0x5634659ccd20_0;  alias, 1 drivers
v0x5634659ca8c0_0 .net "clk", 0 0, v0x5634659916d0_0;  alias, 1 drivers
v0x5634659ca960_0 .net "in", 31 0, L_0x5634659dff60;  alias, 1 drivers
v0x5634659caa30_0 .var "out", 31 0;
    .scope S_0x56346599a840;
T_0 ;
    %pushi/vec4 1, 0, 1;
    %store/vec4 v0x5634659916d0_0, 0, 1;
    %end;
    .thread T_0;
    .scope S_0x56346599a840;
T_1 ;
    %load/vec4 v0x5634659916d0_0;
    %inv;
    %store/vec4 v0x56346597fbc0_0, 0, 1;
    %pushi/vec4 1, 0, 64;
    %ix/vec4 4;
    %delayx 4;
    %load/vec4 v0x56346597fbc0_0;
    %store/vec4 v0x5634659916d0_0, 0, 1;
    %jmp T_1;
    .thread T_1;
    .scope S_0x5634659ca4b0;
T_2 ;
    %wait E_0x5634659a56b0;
    %load/vec4 v0x5634659ca7d0_0;
    %flag_set/vec4 8;
    %jmp/0xz  T_2.0, 8;
    %pushi/vec4 0, 0, 32;
    %assign/vec4 v0x5634659caa30_0, 0;
    %jmp T_2.1;
T_2.0 ;
    %load/vec4 v0x5634659ca960_0;
    %assign/vec4 v0x5634659caa30_0, 0;
T_2.1 ;
    %jmp T_2;
    .thread T_2;
    .scope S_0x5634659c09f0;
T_3 ;
    %vpi_call 8 36 "$readmemh", P_0x5634659c0bd0, v0x5634659c1a00, 32'sb00000000000000000000000000000000, 32'sb00000000000000000000000000010011 {0 0 0};
    %end;
    .thread T_3;
    .scope S_0x5634659c9de0;
T_4 ;
    %wait E_0x5634659a56b0;
    %load/vec4 v0x5634659ca0b0_0;
    %flag_set/vec4 8;
    %jmp/0xz  T_4.0, 8;
    %pushi/vec4 0, 0, 64;
    %assign/vec4 v0x5634659ca320_0, 0;
    %jmp T_4.1;
T_4.0 ;
    %load/vec4 v0x5634659ca250_0;
    %assign/vec4 v0x5634659ca320_0, 0;
T_4.1 ;
    %jmp T_4;
    .thread T_4;
    .scope S_0x5634659c7d40;
T_5 ;
    %vpi_call 10 44 "$readmemh", P_0x5634659c3160, v0x5634659c8db0, 32'sb00000000000000000000000000000000, 32'sb00000000000000000000000000010011 {0 0 0};
    %end;
    .thread T_5;
    .scope S_0x5634659c7d40;
T_6 ;
    %end;
    .thread T_6;
    .scope S_0x5634659c7d40;
T_7 ;
    %wait E_0x5634659c8410;
    %load/vec4 v0x5634659c9270_0;
    %cmpi/e 0, 0, 5;
    %jmp/0xz  T_7.0, 4;
    %pushi/vec4 0, 0, 32;
    %store/vec4 v0x5634659c85b0_0, 0, 32;
    %jmp T_7.1;
T_7.0 ;
    %load/vec4 v0x5634659c9270_0;
    %load/vec4 v0x5634659c9a40_0;
    %cmp/e;
    %flag_get/vec4 4;
    %load/vec4 v0x5634659c95f0_0;
    %and;
    %flag_set/vec4 8;
    %jmp/0xz  T_7.2, 8;
    %load/vec4 v0x5634659c9770_0;
    %store/vec4 v0x5634659c85b0_0, 0, 32;
    %jmp T_7.3;
T_7.2 ;
    %load/vec4 v0x5634659c9270_0;
    %pad/u 7;
    %ix/vec4 4;
    %load/vec4a v0x5634659c8db0, 4;
    %store/vec4 v0x5634659c85b0_0, 0, 32;
T_7.3 ;
T_7.1 ;
    %jmp T_7;
    .thread T_7, $push;
    .scope S_0x5634659c7d40;
T_8 ;
    %wait E_0x5634659c82a0;
    %load/vec4 v0x5634659c9510_0;
    %cmpi/e 0, 0, 5;
    %jmp/0xz  T_8.0, 4;
    %pushi/vec4 0, 0, 32;
    %store/vec4 v0x5634659c8860_0, 0, 32;
    %jmp T_8.1;
T_8.0 ;
    %load/vec4 v0x5634659c9510_0;
    %load/vec4 v0x5634659c9a40_0;
    %cmp/e;
    %flag_get/vec4 4;
    %load/vec4 v0x5634659c95f0_0;
    %and;
    %flag_set/vec4 8;
    %jmp/0xz  T_8.2, 8;
    %load/vec4 v0x5634659c9770_0;
    %store/vec4 v0x5634659c8860_0, 0, 32;
    %jmp T_8.3;
T_8.2 ;
    %load/vec4 v0x5634659c9510_0;
    %pad/u 7;
    %ix/vec4 4;
    %load/vec4a v0x5634659c8db0, 4;
    %store/vec4 v0x5634659c8860_0, 0, 32;
T_8.3 ;
T_8.1 ;
    %jmp T_8;
    .thread T_8, $push;
    .scope S_0x5634659c7d40;
T_9 ;
    %wait E_0x5634659c8130;
    %load/vec4 v0x5634659c9350_0;
    %cmpi/e 0, 0, 5;
    %jmp/0xz  T_9.0, 4;
    %pushi/vec4 0, 0, 32;
    %store/vec4 v0x5634659c8690_0, 0, 32;
    %jmp T_9.1;
T_9.0 ;
    %load/vec4 v0x5634659c9350_0;
    %load/vec4 v0x5634659c9b20_0;
    %cmp/e;
    %flag_get/vec4 4;
    %load/vec4 v0x5634659c96b0_0;
    %and;
    %flag_set/vec4 8;
    %jmp/0xz  T_9.2, 8;
    %load/vec4 v0x5634659c9960_0;
    %store/vec4 v0x5634659c8690_0, 0, 32;
    %jmp T_9.3;
T_9.2 ;
    %load/vec4 v0x5634659c9350_0;
    %pad/u 7;
    %ix/vec4 4;
    %load/vec4a v0x5634659c8db0, 4;
    %store/vec4 v0x5634659c8690_0, 0, 32;
T_9.3 ;
T_9.1 ;
    %jmp T_9;
    .thread T_9, $push;
    .scope S_0x5634659c7d40;
T_10 ;
    %wait E_0x5634658ffbe0;
    %load/vec4 v0x5634659c9430_0;
    %cmpi/e 0, 0, 5;
    %jmp/0xz  T_10.0, 4;
    %pushi/vec4 0, 0, 32;
    %store/vec4 v0x5634659c8770_0, 0, 32;
    %jmp T_10.1;
T_10.0 ;
    %load/vec4 v0x5634659c9430_0;
    %load/vec4 v0x5634659c9b20_0;
    %cmp/e;
    %flag_get/vec4 4;
    %load/vec4 v0x5634659c96b0_0;
    %and;
    %flag_set/vec4 8;
    %jmp/0xz  T_10.2, 8;
    %load/vec4 v0x5634659c9960_0;
    %store/vec4 v0x5634659c8770_0, 0, 32;
    %jmp T_10.3;
T_10.2 ;
    %load/vec4 v0x5634659c9430_0;
    %pad/u 7;
    %ix/vec4 4;
    %load/vec4a v0x5634659c8db0, 4;
    %store/vec4 v0x5634659c8770_0, 0, 32;
T_10.3 ;
T_10.1 ;
    %jmp T_10;
    .thread T_10, $push;
    .scope S_0x5634659c7d40;
T_11 ;
    %wait E_0x5634659a56b0;
    %load/vec4 v0x5634659c95f0_0;
    %load/vec4 v0x5634659c9a40_0;
    %pushi/vec4 0, 0, 5;
    %cmp/ne;
    %flag_get/vec4 4;
    %and;
    %flag_set/vec4 8;
    %jmp/0xz  T_11.0, 8;
    %load/vec4 v0x5634659c9770_0;
    %load/vec4 v0x5634659c9a40_0;
    %pad/u 7;
    %ix/vec4 3;
    %ix/load 4, 0, 0; Constant delay
    %assign/vec4/a/d v0x5634659c8db0, 0, 4;
T_11.0 ;
    %jmp T_11;
    .thread T_11;
    .scope S_0x5634659c7d40;
T_12 ;
    %wait E_0x5634659a56b0;
    %load/vec4 v0x5634659c96b0_0;
    %load/vec4 v0x5634659c9b20_0;
    %pushi/vec4 0, 0, 5;
    %cmp/ne;
    %flag_get/vec4 4;
    %and;
    %flag_set/vec4 8;
    %jmp/0xz  T_12.0, 8;
    %load/vec4 v0x5634659c9960_0;
    %load/vec4 v0x5634659c9b20_0;
    %pad/u 7;
    %ix/vec4 3;
    %ix/load 4, 0, 0; Constant delay
    %assign/vec4/a/d v0x5634659c8db0, 0, 4;
T_12.0 ;
    %jmp T_12;
    .thread T_12;
    .scope S_0x5634659c4b10;
T_13 ;
    %wait E_0x5634659a56b0;
    %load/vec4 v0x5634659c4e30_0;
    %flag_set/vec4 8;
    %jmp/0xz  T_13.0, 8;
    %pushi/vec4 0, 0, 64;
    %assign/vec4 v0x5634659c5090_0, 0;
    %jmp T_13.1;
T_13.0 ;
    %load/vec4 v0x5634659c4fc0_0;
    %assign/vec4 v0x5634659c5090_0, 0;
T_13.1 ;
    %jmp T_13;
    .thread T_13;
    .scope S_0x5634659c1b40;
T_14 ;
    %wait E_0x5634659a56b0;
    %load/vec4 v0x5634659c1e30_0;
    %flag_set/vec4 8;
    %jmp/0xz  T_14.0, 8;
    %pushi/vec4 0, 0, 64;
    %assign/vec4 v0x5634659c20a0_0, 0;
    %jmp T_14.1;
T_14.0 ;
    %load/vec4 v0x5634659c2000_0;
    %assign/vec4 v0x5634659c20a0_0, 0;
T_14.1 ;
    %jmp T_14;
    .thread T_14;
    .scope S_0x5634659c5940;
T_15 ;
    %wait E_0x5634659a56b0;
    %load/vec4 v0x5634659c5c60_0;
    %flag_set/vec4 8;
    %jmp/0xz  T_15.0, 8;
    %pushi/vec4 0, 0, 64;
    %assign/vec4 v0x5634659c5eb0_0, 0;
    %jmp T_15.1;
T_15.0 ;
    %load/vec4 v0x5634659c5de0_0;
    %assign/vec4 v0x5634659c5eb0_0, 0;
T_15.1 ;
    %jmp T_15;
    .thread T_15;
    .scope S_0x5634659c5220;
T_16 ;
    %wait E_0x5634659a56b0;
    %load/vec4 v0x5634659c5540_0;
    %flag_set/vec4 8;
    %jmp/0xz  T_16.0, 8;
    %pushi/vec4 0, 0, 15;
    %assign/vec4 v0x5634659c57b0_0, 0;
    %jmp T_16.1;
T_16.0 ;
    %load/vec4 v0x5634659c5710_0;
    %assign/vec4 v0x5634659c57b0_0, 0;
T_16.1 ;
    %jmp T_16;
    .thread T_16;
    .scope S_0x5634659bef60;
T_17 ;
    %wait E_0x56346592b350;
    %pushi/vec4 2, 0, 2;
    %assign/vec4 v0x5634659bf160_0, 0;
    %pushi/vec4 0, 0, 1;
    %assign/vec4 v0x5634659bf240_0, 0;
    %pushi/vec4 0, 0, 1;
    %assign/vec4 v0x5634659bf300_0, 0;
    %pushi/vec4 0, 0, 1;
    %assign/vec4 v0x5634659bf3d0_0, 0;
    %pushi/vec4 0, 0, 1;
    %assign/vec4 v0x5634659bf490_0, 0;
    %pushi/vec4 0, 0, 1;
    %assign/vec4 v0x5634659bf5a0_0, 0;
    %pushi/vec4 1, 0, 1;
    %assign/vec4 v0x5634659bf820_0, 0;
    %pushi/vec4 1, 0, 1;
    %assign/vec4 v0x5634659bf8e0_0, 0;
    %pushi/vec4 0, 0, 1;
    %assign/vec4 v0x5634659bf9a0_0, 0;
    %load/vec4 v0x5634659bf740_0;
    %dup/vec4;
    %pushi/vec4 35, 0, 6;
    %cmp/u;
    %jmp/1 T_17.0, 6;
    %dup/vec4;
    %pushi/vec4 43, 0, 6;
    %cmp/u;
    %jmp/1 T_17.1, 6;
    %jmp T_17.2;
T_17.0 ;
    %pushi/vec4 1, 0, 1;
    %assign/vec4 v0x5634659bf490_0, 0;
    %pushi/vec4 1, 0, 1;
    %assign/vec4 v0x5634659bf9a0_0, 0;
    %jmp T_17.2;
T_17.1 ;
    %pushi/vec4 1, 0, 1;
    %assign/vec4 v0x5634659bf5a0_0, 0;
    %jmp T_17.2;
T_17.2 ;
    %pop/vec4 1;
    %load/vec4 v0x5634659bf660_0;
    %dup/vec4;
    %pushi/vec4 8, 0, 6;
    %cmp/u;
    %jmp/1 T_17.3, 6;
    %dup/vec4;
    %pushi/vec4 4, 0, 6;
    %cmp/u;
    %jmp/1 T_17.4, 6;
    %dup/vec4;
    %pushi/vec4 5, 0, 6;
    %cmp/u;
    %jmp/1 T_17.5, 6;
    %dup/vec4;
    %pushi/vec4 0, 0, 6;
    %cmp/u;
    %jmp/1 T_17.6, 6;
    %jmp T_17.7;
T_17.3 ;
    %pushi/vec4 0, 0, 1;
    %assign/vec4 v0x5634659bf820_0, 0;
    %pushi/vec4 0, 0, 1;
    %ix/load 4, 1, 0;
    %ix/load 5, 0, 0;
    %flag_set/imm 4, 0;
    %assign/vec4/off/d v0x5634659bf160_0, 4, 5;
    %pushi/vec4 1, 0, 1;
    %assign/vec4 v0x5634659bf240_0, 0;
    %jmp T_17.7;
T_17.4 ;
    %pushi/vec4 1, 0, 1;
    %assign/vec4 v0x5634659bf300_0, 0;
    %pushi/vec4 0, 0, 1;
    %assign/vec4 v0x5634659bf8e0_0, 0;
    %jmp T_17.7;
T_17.5 ;
    %pushi/vec4 1, 0, 1;
    %assign/vec4 v0x5634659bf3d0_0, 0;
    %pushi/vec4 0, 0, 1;
    %assign/vec4 v0x5634659bf8e0_0, 0;
    %jmp T_17.7;
T_17.6 ;
    %jmp T_17.7;
T_17.7 ;
    %pop/vec4 1;
    %jmp T_17;
    .thread T_17, $push;
    .scope S_0x5634659c43f0;
T_18 ;
    %wait E_0x5634659a56b0;
    %load/vec4 v0x5634659c4710_0;
    %flag_set/vec4 8;
    %jmp/0xz  T_18.0, 8;
    %pushi/vec4 0, 0, 8;
    %assign/vec4 v0x5634659c4980_0, 0;
    %jmp T_18.1;
T_18.0 ;
    %load/vec4 v0x5634659c48b0_0;
    %assign/vec4 v0x5634659c4980_0, 0;
T_18.1 ;
    %jmp T_18;
    .thread T_18;
    .scope S_0x5634659c6040;
T_19 ;
    %wait E_0x5634659a56b0;
    %load/vec4 v0x5634659c6360_0;
    %flag_set/vec4 8;
    %jmp/0xz  T_19.0, 8;
    %pushi/vec4 0, 0, 4;
    %assign/vec4 v0x5634659c65b0_0, 0;
    %jmp T_19.1;
T_19.0 ;
    %load/vec4 v0x5634659c64e0_0;
    %assign/vec4 v0x5634659c65b0_0, 0;
T_19.1 ;
    %jmp T_19;
    .thread T_19;
    .scope S_0x5634659be940;
T_20 ;
    %wait E_0x56346592bc10;
    %load/vec4 v0x5634659bee00_0;
    %parti/s 4, 0, 2;
    %dup/vec4;
    %pushi/vec4 0, 0, 4;
    %cmp/u;
    %jmp/1 T_20.0, 6;
    %dup/vec4;
    %pushi/vec4 2, 0, 4;
    %cmp/u;
    %jmp/1 T_20.1, 6;
    %dup/vec4;
    %pushi/vec4 5, 0, 4;
    %cmp/u;
    %jmp/1 T_20.2, 6;
    %dup/vec4;
    %pushi/vec4 4, 0, 4;
    %cmp/u;
    %jmp/1 T_20.3, 6;
    %dup/vec4;
    %pushi/vec4 6, 0, 4;
    %cmp/u;
    %jmp/1 T_20.4, 6;
    %dup/vec4;
    %pushi/vec4 7, 0, 4;
    %cmp/u;
    %jmp/1 T_20.5, 6;
    %dup/vec4;
    %pushi/vec4 10, 0, 4;
    %cmp/u;
    %jmp/1 T_20.6, 6;
    %pushi/vec4 0, 0, 4;
    %store/vec4 v0x5634659beba0_0, 0, 4;
    %jmp T_20.8;
T_20.0 ;
    %pushi/vec4 2, 0, 4;
    %store/vec4 v0x5634659beba0_0, 0, 4;
    %jmp T_20.8;
T_20.1 ;
    %pushi/vec4 6, 0, 4;
    %store/vec4 v0x5634659beba0_0, 0, 4;
    %jmp T_20.8;
T_20.2 ;
    %pushi/vec4 1, 0, 4;
    %store/vec4 v0x5634659beba0_0, 0, 4;
    %jmp T_20.8;
T_20.3 ;
    %pushi/vec4 0, 0, 4;
    %store/vec4 v0x5634659beba0_0, 0, 4;
    %jmp T_20.8;
T_20.4 ;
    %pushi/vec4 13, 0, 4;
    %store/vec4 v0x5634659beba0_0, 0, 4;
    %jmp T_20.8;
T_20.5 ;
    %pushi/vec4 12, 0, 4;
    %store/vec4 v0x5634659beba0_0, 0, 4;
    %jmp T_20.8;
T_20.6 ;
    %pushi/vec4 7, 0, 4;
    %store/vec4 v0x5634659beba0_0, 0, 4;
    %jmp T_20.8;
T_20.8 ;
    %pop/vec4 1;
    %jmp T_20;
    .thread T_20, $push;
    .scope S_0x5634659be940;
T_21 ;
    %wait E_0x56346592b0b0;
    %load/vec4 v0x5634659bed60_0;
    %dup/vec4;
    %pushi/vec4 0, 0, 2;
    %cmp/u;
    %jmp/1 T_21.0, 6;
    %dup/vec4;
    %pushi/vec4 1, 0, 2;
    %cmp/u;
    %jmp/1 T_21.1, 6;
    %dup/vec4;
    %pushi/vec4 2, 0, 2;
    %cmp/u;
    %jmp/1 T_21.2, 6;
    %dup/vec4;
    %pushi/vec4 3, 0, 2;
    %cmp/u;
    %jmp/1 T_21.3, 6;
    %pushi/vec4 0, 0, 4;
    %store/vec4 v0x5634659beca0_0, 0, 4;
    %jmp T_21.5;
T_21.0 ;
    %pushi/vec4 2, 0, 4;
    %store/vec4 v0x5634659beca0_0, 0, 4;
    %jmp T_21.5;
T_21.1 ;
    %pushi/vec4 6, 0, 4;
    %store/vec4 v0x5634659beca0_0, 0, 4;
    %jmp T_21.5;
T_21.2 ;
    %load/vec4 v0x5634659beba0_0;
    %store/vec4 v0x5634659beca0_0, 0, 4;
    %jmp T_21.5;
T_21.3 ;
    %pushi/vec4 2, 0, 4;
    %store/vec4 v0x5634659beca0_0, 0, 4;
    %jmp T_21.5;
T_21.5 ;
    %pop/vec4 1;
    %jmp T_21;
    .thread T_21, $push;
    .scope S_0x5634659bcbf0;
T_22 ;
    %wait E_0x56346592b930;
    %load/vec4 v0x5634659be320_0;
    %dup/vec4;
    %pushi/vec4 2, 0, 4;
    %cmp/u;
    %jmp/1 T_22.0, 6;
    %dup/vec4;
    %pushi/vec4 0, 0, 4;
    %cmp/u;
    %jmp/1 T_22.1, 6;
    %dup/vec4;
    %pushi/vec4 12, 0, 4;
    %cmp/u;
    %jmp/1 T_22.2, 6;
    %dup/vec4;
    %pushi/vec4 1, 0, 4;
    %cmp/u;
    %jmp/1 T_22.3, 6;
    %dup/vec4;
    %pushi/vec4 7, 0, 4;
    %cmp/u;
    %jmp/1 T_22.4, 6;
    %dup/vec4;
    %pushi/vec4 6, 0, 4;
    %cmp/u;
    %jmp/1 T_22.5, 6;
    %dup/vec4;
    %pushi/vec4 13, 0, 4;
    %cmp/u;
    %jmp/1 T_22.6, 6;
    %pushi/vec4 0, 0, 32;
    %assign/vec4 v0x5634659be640_0, 0;
    %jmp T_22.8;
T_22.0 ;
    %load/vec4 v0x5634659be160_0;
    %assign/vec4 v0x5634659be640_0, 0;
    %jmp T_22.8;
T_22.1 ;
    %load/vec4 v0x5634659be080_0;
    %load/vec4 v0x5634659be240_0;
    %and;
    %assign/vec4 v0x5634659be640_0, 0;
    %jmp T_22.8;
T_22.2 ;
    %load/vec4 v0x5634659be080_0;
    %load/vec4 v0x5634659be240_0;
    %or;
    %inv;
    %assign/vec4 v0x5634659be640_0, 0;
    %jmp T_22.8;
T_22.3 ;
    %load/vec4 v0x5634659be080_0;
    %load/vec4 v0x5634659be240_0;
    %or;
    %assign/vec4 v0x5634659be640_0, 0;
    %jmp T_22.8;
T_22.4 ;
    %pushi/vec4 0, 0, 31;
    %load/vec4 v0x5634659be720_0;
    %concat/vec4; draw_concat_vec4
    %assign/vec4 v0x5634659be640_0, 0;
    %jmp T_22.8;
T_22.5 ;
    %load/vec4 v0x5634659be7e0_0;
    %assign/vec4 v0x5634659be640_0, 0;
    %jmp T_22.8;
T_22.6 ;
    %load/vec4 v0x5634659be080_0;
    %load/vec4 v0x5634659be240_0;
    %xor;
    %assign/vec4 v0x5634659be640_0, 0;
    %jmp T_22.8;
T_22.8 ;
    %pop/vec4 1;
    %jmp T_22;
    .thread T_22, $push;
    .scope S_0x5634659c2230;
T_23 ;
    %wait E_0x5634659a56b0;
    %load/vec4 v0x5634659c24e0_0;
    %flag_set/vec4 8;
    %jmp/0xz  T_23.0, 8;
    %pushi/vec4 0, 0, 32;
    %assign/vec4 v0x5634659c2750_0, 0;
    %jmp T_23.1;
T_23.0 ;
    %load/vec4 v0x5634659c2680_0;
    %assign/vec4 v0x5634659c2750_0, 0;
T_23.1 ;
    %jmp T_23;
    .thread T_23;
    .scope S_0x5634659c2f90;
T_24 ;
    %wait E_0x5634659a56b0;
    %load/vec4 v0x5634659c32c0_0;
    %flag_set/vec4 8;
    %jmp/0xz  T_24.0, 8;
    %pushi/vec4 0, 0, 32;
    %assign/vec4 v0x5634659c3520_0, 0;
    %jmp T_24.1;
T_24.0 ;
    %load/vec4 v0x5634659c3450_0;
    %assign/vec4 v0x5634659c3520_0, 0;
T_24.1 ;
    %jmp T_24;
    .thread T_24;
    .scope S_0x5634659c6740;
T_25 ;
    %wait E_0x5634659a56b0;
    %load/vec4 v0x5634659c6b20_0;
    %flag_set/vec4 8;
    %jmp/0xz  T_25.0, 8;
    %pushi/vec4 0, 0, 10;
    %assign/vec4 v0x5634659c6d90_0, 0;
    %jmp T_25.1;
T_25.0 ;
    %load/vec4 v0x5634659c6cf0_0;
    %assign/vec4 v0x5634659c6d90_0, 0;
T_25.1 ;
    %jmp T_25;
    .thread T_25;
    .scope S_0x5634659c6f20;
T_26 ;
    %wait E_0x5634659a56b0;
    %load/vec4 v0x5634659c7240_0;
    %flag_set/vec4 8;
    %jmp/0xz  T_26.0, 8;
    %pushi/vec4 0, 0, 32;
    %assign/vec4 v0x5634659c7490_0, 0;
    %jmp T_26.1;
T_26.0 ;
    %load/vec4 v0x5634659c73c0_0;
    %assign/vec4 v0x5634659c7490_0, 0;
T_26.1 ;
    %jmp T_26;
    .thread T_26;
    .scope S_0x5634659c3d40;
T_27 ;
    %wait E_0x5634659a56b0;
    %load/vec4 v0x5634659c3ff0_0;
    %flag_set/vec4 8;
    %jmp/0xz  T_27.0, 8;
    %pushi/vec4 0, 0, 2;
    %assign/vec4 v0x5634659c4260_0, 0;
    %jmp T_27.1;
T_27.0 ;
    %load/vec4 v0x5634659c4190_0;
    %assign/vec4 v0x5634659c4260_0, 0;
T_27.1 ;
    %jmp T_27;
    .thread T_27;
    .scope S_0x5634659bfc20;
T_28 ;
    %vpi_call 7 45 "$readmemh", P_0x5634659bfdf0, v0x5634659c0510, 32'sb00000000000000000000000000000000, 32'sb00000000000000000000000000010011 {0 0 0};
    %end;
    .thread T_28;
    .scope S_0x5634659bfc20;
T_29 ;
    %wait E_0x5634659a56b0;
    %load/vec4 v0x5634659c0830_0;
    %flag_set/vec4 8;
    %jmp/0xz  T_29.0, 8;
    %load/vec4 v0x5634659c0750_0;
    %load/vec4 v0x5634659c0340_0;
    %pad/u 9;
    %ix/vec4 3;
    %ix/load 4, 0, 0; Constant delay
    %assign/vec4/a/d v0x5634659c0510, 0, 4;
T_29.0 ;
    %jmp T_29;
    .thread T_29;
    .scope S_0x5634659c36a0;
T_30 ;
    %wait E_0x5634659a56b0;
    %load/vec4 v0x5634659c3950_0;
    %flag_set/vec4 8;
    %jmp/0xz  T_30.0, 8;
    %pushi/vec4 0, 0, 32;
    %assign/vec4 v0x5634659c3bf0_0, 0;
    %jmp T_30.1;
T_30.0 ;
    %load/vec4 v0x5634659c3af0_0;
    %assign/vec4 v0x5634659c3bf0_0, 0;
T_30.1 ;
    %jmp T_30;
    .thread T_30;
    .scope S_0x5634659c28e0;
T_31 ;
    %wait E_0x5634659a56b0;
    %load/vec4 v0x5634659c2b90_0;
    %flag_set/vec4 8;
    %jmp/0xz  T_31.0, 8;
    %pushi/vec4 0, 0, 32;
    %assign/vec4 v0x5634659c2e00_0, 0;
    %jmp T_31.1;
T_31.0 ;
    %load/vec4 v0x5634659c2d30_0;
    %assign/vec4 v0x5634659c2e00_0, 0;
T_31.1 ;
    %jmp T_31;
    .thread T_31;
    .scope S_0x5634659c7620;
T_32 ;
    %wait E_0x5634659a56b0;
    %load/vec4 v0x5634659c7940_0;
    %flag_set/vec4 8;
    %jmp/0xz  T_32.0, 8;
    %pushi/vec4 0, 0, 10;
    %assign/vec4 v0x5634659c7bb0_0, 0;
    %jmp T_32.1;
T_32.0 ;
    %load/vec4 v0x5634659c7ae0_0;
    %assign/vec4 v0x5634659c7bb0_0, 0;
T_32.1 ;
    %jmp T_32;
    .thread T_32;
    .scope S_0x5634659bc930;
T_33 ;
    %vpi_call 3 44 "$display", "if_pc,    if_instr, id_regrs, id_regrt, ex_alua,  ex_alub,  ex_aluctl, mem_memdata, mem_memread, mem_memwrite, wb_regdata, wb_regwrite" {0 0 0};
    %vpi_call 3 46 "$monitor", "PC=%x i =%x||rs=%d rt=%d      ||A=%x B=%x||w=%x Ram%x R%xW%x||D=%x R=%d\012BA=%x i1=%x||Opcode=%x Func=%x||I=%x R=%x||D=%d alu=%x          ||R=%x C=%d  \012pcsrc=%x               ||rs1=%d rt1=%d     ||Addr=%x              ||                        ||\012                       ||Opcode1=%x ||Wrg=%d   Wrg1%d      ||                   ||\012-------------------------------------------------------------------------------------------------------", v0x5634659cdcf0_0, v0x5634659cd1b0_0, v0x5634659cee40_0, v0x5634659cefe0_0, v0x5634659ccad0_0, v0x5634659cbe80_0, v0x5634659cc9e0_0, v0x5634659cd600_0, v0x5634659cd840_0, v0x5634659cda80_0, v0x5634659cf840_0, v0x5634659cfd40_0, v0x5634659cbff0_0, v0x5634659cd2a0_0, v0x5634659cdb50_0, &PV<v0x5634659cd430_0, 0, 6>, v0x5634659cf5c0_0, v0x5634659cbb40_0, v0x5634659cfc80_0, v0x5634659cbc10_0, " ", v0x5634659cf840_0, v0x5634659cc2f0_0, v0x5634659cdf60_0, v0x5634659cef10_0, v0x5634659cf0b0_0, v0x5634659cd510_0, v0x5634659cdc20_0, v0x5634659cf910_0, v0x5634659cf9d0_0 {0 0 0};
    %end;
    .thread T_33;
    .scope S_0x5634659bc930;
T_34 ;
    %pushi/vec4 0, 0, 1;
    %assign/vec4 v0x5634659ccd20_0, 0;
    %pushi/vec4 0, 0, 1;
    %assign/vec4 v0x5634659cce10_0, 0;
    %pushi/vec4 0, 0, 1;
    %assign/vec4 v0x5634659cceb0_0, 0;
    %end;
    .thread T_34;
    .scope S_0x5634659bc930;
T_35 ;
    %pushi/vec4 1, 0, 6;
    %assign/vec4 v0x5634659cc2f0_0, 0;
    %end;
    .thread T_35;
    .scope S_0x5634659bc930;
T_36 ;
    %wait E_0x5634659a56b0;
    %load/vec4 v0x5634659cc2f0_0;
    %addi 1, 0, 6;
    %assign/vec4 v0x5634659cc2f0_0, 0;
    %jmp T_36;
    .thread T_36;
    .scope S_0x5634659bc930;
T_37 ;
    %pushi/vec4 0, 0, 32;
    %assign/vec4 v0x5634659cdcf0_0, 0;
    %end;
    .thread T_37;
    .scope S_0x5634659bc930;
T_38 ;
    %wait E_0x5634659a56b0;
    %load/vec4 v0x5634659cdf60_0;
    %cmpi/e 1, 0, 1;
    %jmp/0xz  T_38.0, 4;
    %load/vec4 v0x5634659cbff0_0;
    %assign/vec4 v0x5634659cdcf0_0, 0;
    %jmp T_38.1;
T_38.0 ;
    %load/vec4 v0x5634659cddc0_0;
    %assign/vec4 v0x5634659cdcf0_0, 0;
T_38.1 ;
    %jmp T_38;
    .thread T_38;
    .scope S_0x563465907050;
T_39 ;
    %vpi_call 2 38 "$dumpfile", "test.vcd" {0 0 0};
    %vpi_call 2 39 "$dumpvars", 32'sb00000000000000000000000000000000, S_0x563465907050 {0 0 0};
    %delay 6, 0;
    %vpi_call 2 41 "$finish" {0 0 0};
    %end;
    .thread T_39;
# The file index is used to find the file name in the following table.
:file_names 11;
    "N/A";
    "<interactive>";
    "tb.v";
    "cpu.v";
    "./alu.v";
    "./alu_control.v";
    "./control.v";
    "./dm.v";
    "./im.v";
    "./regr.v";
    "./regm.v";
