#! /usr/bin/vvp
:ivl_version "10.1 (stable)";
:ivl_delay_selection "TYPICAL";
:vpi_time_precision + 0;
:vpi_module "system";
:vpi_module "vhdl_sys";
:vpi_module "v2005_math";
:vpi_module "va_math";
S_0x7fffeff37f80 .scope module, "pipemips" "pipemips" 2 394;
 .timescale 0 0;
    .port_info 0 /INPUT 1 "clk"
    .port_info 1 /INPUT 1 "rst"
    .port_info 2 /OUTPUT 32 "reg_writedata"
o0x7fee230c00a8 .functor BUFZ 1, C4<z>; HiZ drive
v0x7fffeff6dea0_0 .net "clk", 0 0, o0x7fee230c00a8;  0 drivers
v0x7fffeff6df60_0 .net "d_inst", 31 0, v0x7fffeff68f40_0;  1 drivers
v0x7fffeff6e020_0 .net "d_pc", 31 0, v0x7fffeff69050_0;  1 drivers
v0x7fffeff6e0c0_0 .net "e_aluop", 1 0, v0x7fffeff5a5a0_0;  1 drivers
v0x7fffeff6e210_0 .net "e_alusrc", 0 0, v0x7fffeff5a680_0;  1 drivers
v0x7fffeff6e2b0_0 .net "e_branch", 0 0, v0x7fffeff5a740_0;  1 drivers
v0x7fffeff6e3e0_0 .net "e_jaddr", 31 0, v0x7fffeff5a800_0;  1 drivers
v0x7fffeff6e4a0_0 .net "e_jump", 0 0, v0x7fffeff5a8e0_0;  1 drivers
v0x7fffeff6e5d0_0 .net "e_memread", 0 0, v0x7fffeff5a9a0_0;  1 drivers
v0x7fffeff6e700_0 .net "e_memtoreg", 0 0, v0x7fffeff5aa60_0;  1 drivers
v0x7fffeff6e830_0 .net "e_memwrite", 0 0, v0x7fffeff5ab20_0;  1 drivers
v0x7fffeff6e960_0 .net "e_pc", 31 0, v0x7fffeff5abe0_0;  1 drivers
v0x7fffeff6ea20_0 .net "e_rd", 4 0, v0x7fffeff5acc0_0;  1 drivers
v0x7fffeff6eb70_0 .net "e_rd1", 31 0, v0x7fffeff5ada0_0;  1 drivers
v0x7fffeff6ec30_0 .net "e_rd2", 31 0, v0x7fffeff5ae80_0;  1 drivers
v0x7fffeff6ecf0_0 .net "e_regdst", 0 0, v0x7fffeff5af60_0;  1 drivers
v0x7fffeff6ed90_0 .net "e_regwrite", 0 0, v0x7fffeff5b020_0;  1 drivers
v0x7fffeff6ef40_0 .net "e_rs", 4 0, v0x7fffeff5b0e0_0;  1 drivers
v0x7fffeff6f090_0 .net "e_rt", 4 0, v0x7fffeff5b3d0_0;  1 drivers
v0x7fffeff6f1e0_0 .net "flush", 0 0, L_0x7fffeff81da0;  1 drivers
v0x7fffeff6f280_0 .net "m_addRes", 31 0, v0x7fffeff63910_0;  1 drivers
v0x7fffeff6f340_0 .net "m_alures", 31 0, v0x7fffeff63770_0;  1 drivers
v0x7fffeff6f400_0 .net "m_branch", 0 0, v0x7fffeff63850_0;  1 drivers
v0x7fffeff6f4a0_0 .net "m_jaddr", 31 0, v0x7fffeff63690_0;  1 drivers
v0x7fffeff6f560_0 .net "m_jump", 0 0, v0x7fffeff639f0_0;  1 drivers
v0x7fffeff6f690_0 .net "m_memread", 0 0, v0x7fffeff63a90_0;  1 drivers
v0x7fffeff6f730_0 .net "m_memtoreg", 0 0, v0x7fffeff63b30_0;  1 drivers
v0x7fffeff6f860_0 .net "m_memwrite", 0 0, v0x7fffeff63bf0_0;  1 drivers
v0x7fffeff6f900_0 .net "m_muxRegDst", 4 0, v0x7fffeff63cb0_0;  1 drivers
v0x7fffeff6f9c0_0 .net "m_regwrite", 0 0, v0x7fffeff63e70_0;  1 drivers
v0x7fffeff6fb70_0 .net "m_zero", 0 0, v0x7fffeff63f30_0;  1 drivers
v0x7fffeff6fc10_0 .net "pc_src", 0 0, L_0x7fffeff83ce0;  1 drivers
v0x7fffeff6fcb0_0 .net "reg_writedata", 31 0, L_0x7fffeff84130;  1 drivers
o0x7fee230c3588 .functor BUFZ 1, C4<z>; HiZ drive
v0x7fffeff6ff80_0 .net "rst", 0 0, o0x7fee230c3588;  0 drivers
v0x7fffeff70020_0 .net "sig_ext", 31 0, v0x7fffeff5b4b0_0;  1 drivers
v0x7fffeff700e0_0 .net "w_alures", 31 0, v0x7fffeff6b810_0;  1 drivers
v0x7fffeff701a0_0 .net "w_memtoreg", 0 0, v0x7fffeff6b8f0_0;  1 drivers
v0x7fffeff70240_0 .net "w_muxRegDst", 4 0, v0x7fffeff6b9b0_0;  1 drivers
v0x7fffeff70300_0 .net "w_readData", 31 0, v0x7fffeff6bb90_0;  1 drivers
v0x7fffeff703c0_0 .net "w_regwrite", 0 0, v0x7fffeff6bc70_0;  1 drivers
v0x7fffeff704f0_0 .net "write_data", 31 0, v0x7fffeff63d90_0;  1 drivers
S_0x7fffefefe220 .scope module, "decode" "decode" 2 405, 2 67 0, S_0x7fffeff37f80;
 .timescale 0 0;
    .port_info 0 /INPUT 1 "d_clk"
    .port_info 1 /INPUT 1 "regwrite"
    .port_info 2 /INPUT 1 "e_memread_in"
    .port_info 3 /INPUT 1 "m_jump"
    .port_info 4 /INPUT 1 "pc_src"
    .port_info 5 /INPUT 32 "inst"
    .port_info 6 /INPUT 32 "pc"
    .port_info 7 /INPUT 32 "writedata"
    .port_info 8 /INPUT 5 "muxRegDst"
    .port_info 9 /OUTPUT 32 "e_rd1"
    .port_info 10 /OUTPUT 32 "e_rd2"
    .port_info 11 /OUTPUT 32 "e_sigext"
    .port_info 12 /OUTPUT 32 "e_pc"
    .port_info 13 /OUTPUT 32 "e_jaddr"
    .port_info 14 /OUTPUT 5 "e_rs"
    .port_info 15 /OUTPUT 5 "e_rt"
    .port_info 16 /OUTPUT 5 "e_rd"
    .port_info 17 /OUTPUT 2 "e_aluop"
    .port_info 18 /OUTPUT 1 "e_alusrc"
    .port_info 19 /OUTPUT 1 "e_regdst"
    .port_info 20 /OUTPUT 1 "e_regwrite"
    .port_info 21 /OUTPUT 1 "e_memread"
    .port_info 22 /OUTPUT 1 "e_memtoreg"
    .port_info 23 /OUTPUT 1 "e_memwrite"
    .port_info 24 /OUTPUT 1 "e_branch"
    .port_info 25 /OUTPUT 1 "flush"
    .port_info 26 /OUTPUT 1 "e_jump"
L_0x7fffeff81440 .functor OR 1, L_0x7fffeff819e0, L_0x7fffeff81b10, C4<0>, C4<0>;
L_0x7fffeff81c40 .functor AND 1, v0x7fffeff5a9a0_0, L_0x7fffeff81440, C4<1>, C4<1>;
L_0x7fee23070258 .functor BUFT 1, C4<1>, C4<0>, C4<0>, C4<0>;
L_0x7fffeff82070 .functor XNOR 1, v0x7fffeff639f0_0, L_0x7fee23070258, C4<0>, C4<0>;
L_0x7fee230702a0 .functor BUFT 1, C4<1>, C4<0>, C4<0>, C4<0>;
L_0x7fffeff820e0 .functor XNOR 1, L_0x7fffeff83ce0, L_0x7fee230702a0, C4<0>, C4<0>;
L_0x7fffeff821a0 .functor OR 1, L_0x7fffeff82070, L_0x7fffeff820e0, C4<0>, C4<0>;
v0x7fffeff5daa0_0 .net *"_s13", 3 0, L_0x7fffeff80fd0;  1 drivers
v0x7fffeff5dba0_0 .net *"_s15", 25 0, L_0x7fffeff81070;  1 drivers
L_0x7fee23070060 .functor BUFT 1, C4<00>, C4<0>, C4<0>, C4<0>;
v0x7fffeff5dc80_0 .net/2u *"_s16", 1 0, L_0x7fee23070060;  1 drivers
v0x7fffeff5dd70_0 .net *"_s21", 0 0, L_0x7fffeff811b0;  1 drivers
L_0x7fee230700a8 .functor BUFT 1, C4<1111111111111111>, C4<0>, C4<0>, C4<0>;
v0x7fffeff5de50_0 .net/2u *"_s22", 15 0, L_0x7fee230700a8;  1 drivers
v0x7fffeff5df30_0 .net *"_s24", 16 0, L_0x7fffeff812b0;  1 drivers
v0x7fffeff5e010_0 .net *"_s26", 31 0, L_0x7fffeff81350;  1 drivers
L_0x7fee230700f0 .functor BUFT 1, C4<000000000000000>, C4<0>, C4<0>, C4<0>;
v0x7fffeff5e0f0_0 .net *"_s29", 14 0, L_0x7fee230700f0;  1 drivers
L_0x7fee23070138 .functor BUFT 1, C4<0000000000000000>, C4<0>, C4<0>, C4<0>;
v0x7fffeff5e1d0_0 .net/2u *"_s30", 15 0, L_0x7fee23070138;  1 drivers
v0x7fffeff5e2b0_0 .net *"_s32", 16 0, L_0x7fffeff81550;  1 drivers
v0x7fffeff5e390_0 .net *"_s34", 31 0, L_0x7fffeff81640;  1 drivers
L_0x7fee23070180 .functor BUFT 1, C4<000000000000000>, C4<0>, C4<0>, C4<0>;
v0x7fffeff5e470_0 .net *"_s37", 14 0, L_0x7fee23070180;  1 drivers
v0x7fffeff5e550_0 .net *"_s40", 0 0, L_0x7fffeff819e0;  1 drivers
v0x7fffeff5e610_0 .net *"_s42", 0 0, L_0x7fffeff81b10;  1 drivers
v0x7fffeff5e6d0_0 .net *"_s44", 0 0, L_0x7fffeff81440;  1 drivers
v0x7fffeff5e790_0 .net *"_s46", 0 0, L_0x7fffeff81c40;  1 drivers
L_0x7fee230701c8 .functor BUFT 1, C4<01>, C4<0>, C4<0>, C4<0>;
v0x7fffeff5e850_0 .net/2s *"_s48", 1 0, L_0x7fee230701c8;  1 drivers
L_0x7fee23070210 .functor BUFT 1, C4<00>, C4<0>, C4<0>, C4<0>;
v0x7fffeff5ea40_0 .net/2s *"_s50", 1 0, L_0x7fee23070210;  1 drivers
v0x7fffeff5eb20_0 .net *"_s52", 1 0, L_0x7fffeff81d00;  1 drivers
v0x7fffeff5ec00_0 .net/2u *"_s56", 0 0, L_0x7fee23070258;  1 drivers
v0x7fffeff5ece0_0 .net *"_s58", 0 0, L_0x7fffeff82070;  1 drivers
v0x7fffeff5eda0_0 .net/2u *"_s60", 0 0, L_0x7fee230702a0;  1 drivers
v0x7fffeff5ee80_0 .net *"_s62", 0 0, L_0x7fffeff820e0;  1 drivers
v0x7fffeff5ef40_0 .net *"_s64", 0 0, L_0x7fffeff821a0;  1 drivers
L_0x7fee230702e8 .functor BUFT 1, C4<01>, C4<0>, C4<0>, C4<0>;
v0x7fffeff5f000_0 .net/2s *"_s66", 1 0, L_0x7fee230702e8;  1 drivers
L_0x7fee23070330 .functor BUFT 1, C4<00>, C4<0>, C4<0>, C4<0>;
v0x7fffeff5f0e0_0 .net/2s *"_s68", 1 0, L_0x7fee23070330;  1 drivers
v0x7fffeff5f1c0_0 .net *"_s70", 1 0, L_0x7fffeff822b0;  1 drivers
v0x7fffeff5f2a0_0 .net *"_s9", 15 0, L_0x7fffeff80e90;  1 drivers
v0x7fffeff5f380_0 .net "aluop", 1 0, v0x7fffeff5d100_0;  1 drivers
v0x7fffeff5f440_0 .net "alusrc", 0 0, v0x7fffeff5d210_0;  1 drivers
v0x7fffeff5f530_0 .net "branch", 0 0, v0x7fffeff5d2e0_0;  1 drivers
v0x7fffeff5f620_0 .net "d_clk", 0 0, o0x7fee230c00a8;  alias, 0 drivers
v0x7fffeff5f710_0 .net "data1", 31 0, L_0x7fffeff82880;  1 drivers
v0x7fffeff5fa30_0 .net "data2", 31 0, L_0x7fffeff82e50;  1 drivers
v0x7fffeff5fb40_0 .net "e_aluop", 1 0, v0x7fffeff5a5a0_0;  alias, 1 drivers
v0x7fffeff5fc00_0 .net "e_alusrc", 0 0, v0x7fffeff5a680_0;  alias, 1 drivers
v0x7fffeff5fca0_0 .net "e_branch", 0 0, v0x7fffeff5a740_0;  alias, 1 drivers
v0x7fffeff5fd40_0 .net "e_jaddr", 31 0, v0x7fffeff5a800_0;  alias, 1 drivers
v0x7fffeff5fde0_0 .net "e_jump", 0 0, v0x7fffeff5a8e0_0;  alias, 1 drivers
v0x7fffeff5fe80_0 .net "e_memread", 0 0, v0x7fffeff5a9a0_0;  alias, 1 drivers
v0x7fffeff5ff20_0 .net "e_memread_in", 0 0, v0x7fffeff5a9a0_0;  alias, 1 drivers
v0x7fffeff60010_0 .net "e_memtoreg", 0 0, v0x7fffeff5aa60_0;  alias, 1 drivers
v0x7fffeff600b0_0 .net "e_memwrite", 0 0, v0x7fffeff5ab20_0;  alias, 1 drivers
v0x7fffeff60150_0 .net "e_pc", 31 0, v0x7fffeff5abe0_0;  alias, 1 drivers
v0x7fffeff60220_0 .net "e_rd", 4 0, v0x7fffeff5acc0_0;  alias, 1 drivers
v0x7fffeff602f0_0 .net "e_rd1", 31 0, v0x7fffeff5ada0_0;  alias, 1 drivers
v0x7fffeff603c0_0 .net "e_rd2", 31 0, v0x7fffeff5ae80_0;  alias, 1 drivers
v0x7fffeff60490_0 .net "e_regdst", 0 0, v0x7fffeff5af60_0;  alias, 1 drivers
v0x7fffeff60560_0 .net "e_regwrite", 0 0, v0x7fffeff5b020_0;  alias, 1 drivers
v0x7fffeff60630_0 .net "e_rs", 4 0, v0x7fffeff5b0e0_0;  alias, 1 drivers
v0x7fffeff60700_0 .net "e_rt", 4 0, v0x7fffeff5b3d0_0;  alias, 1 drivers
v0x7fffeff607d0_0 .net "e_sigext", 31 0, v0x7fffeff5b4b0_0;  alias, 1 drivers
v0x7fffeff608a0_0 .net "flush", 0 0, L_0x7fffeff81da0;  alias, 1 drivers
v0x7fffeff60970_0 .net "hazard_detected", 0 0, L_0x7fffeff81f30;  1 drivers
v0x7fffeff60a40_0 .net "imm", 0 0, L_0x7fffeff80f30;  1 drivers
v0x7fffeff60ae0_0 .net "inst", 31 0, v0x7fffeff68f40_0;  alias, 1 drivers
v0x7fffeff60b80_0 .net "jaddr", 31 0, L_0x7fffeff81110;  1 drivers
v0x7fffeff60c50_0 .net "jump", 0 0, v0x7fffeff5d480_0;  1 drivers
v0x7fffeff60d40_0 .net "m_jump", 0 0, v0x7fffeff639f0_0;  alias, 1 drivers
v0x7fffeff60de0_0 .net "memread", 0 0, v0x7fffeff5d570_0;  1 drivers
v0x7fffeff60ed0_0 .net "memtoreg", 0 0, v0x7fffeff5d640_0;  1 drivers
v0x7fffeff60fc0_0 .net "memwrite", 0 0, v0x7fffeff5d710_0;  1 drivers
v0x7fffeff610b0_0 .net "muxRegDst", 4 0, v0x7fffeff6b9b0_0;  alias, 1 drivers
v0x7fffeff61150_0 .net "opcode", 5 0, L_0x7fffeff80b80;  1 drivers
v0x7fffeff611f0_0 .net "pc", 31 0, v0x7fffeff69050_0;  alias, 1 drivers
v0x7fffeff616a0_0 .net "pc_src", 0 0, L_0x7fffeff83ce0;  alias, 1 drivers
v0x7fffeff61740_0 .net "rd", 4 0, L_0x7fffeff80df0;  1 drivers
v0x7fffeff617e0_0 .net "regdst", 0 0, v0x7fffeff5d880_0;  1 drivers
v0x7fffeff618d0_0 .net "regwrite", 0 0, v0x7fffeff6bc70_0;  alias, 1 drivers
v0x7fffeff61970_0 .net "regwrite_out", 0 0, v0x7fffeff5d950_0;  1 drivers
v0x7fffeff61a60_0 .net "rs", 4 0, L_0x7fffeff80cb0;  1 drivers
v0x7fffeff61b50_0 .net "rt", 4 0, L_0x7fffeff80d50;  1 drivers
v0x7fffeff61c40_0 .net "sig_ext", 31 0, L_0x7fffeff81800;  1 drivers
v0x7fffeff61ce0_0 .net "writedata", 31 0, L_0x7fffeff84130;  alias, 1 drivers
L_0x7fffeff80b80 .part v0x7fffeff68f40_0, 26, 6;
L_0x7fffeff80cb0 .part v0x7fffeff68f40_0, 21, 5;
L_0x7fffeff80d50 .part v0x7fffeff68f40_0, 16, 5;
L_0x7fffeff80df0 .part v0x7fffeff68f40_0, 11, 5;
L_0x7fffeff80e90 .part v0x7fffeff68f40_0, 0, 16;
L_0x7fffeff80f30 .part L_0x7fffeff80e90, 0, 1;
L_0x7fffeff80fd0 .part v0x7fffeff69050_0, 28, 4;
L_0x7fffeff81070 .part v0x7fffeff68f40_0, 0, 26;
L_0x7fffeff81110 .concat [ 2 26 4 0], L_0x7fee23070060, L_0x7fffeff81070, L_0x7fffeff80fd0;
L_0x7fffeff811b0 .part v0x7fffeff68f40_0, 15, 1;
L_0x7fffeff812b0 .concat [ 1 16 0 0], L_0x7fffeff80f30, L_0x7fee230700a8;
L_0x7fffeff81350 .concat [ 17 15 0 0], L_0x7fffeff812b0, L_0x7fee230700f0;
L_0x7fffeff81550 .concat [ 1 16 0 0], L_0x7fffeff80f30, L_0x7fee23070138;
L_0x7fffeff81640 .concat [ 17 15 0 0], L_0x7fffeff81550, L_0x7fee23070180;
L_0x7fffeff81800 .functor MUXZ 32, L_0x7fffeff81640, L_0x7fffeff81350, L_0x7fffeff811b0, C4<>;
L_0x7fffeff819e0 .cmp/eq 5, v0x7fffeff5b3d0_0, L_0x7fffeff80cb0;
L_0x7fffeff81b10 .cmp/eq 5, v0x7fffeff5b3d0_0, L_0x7fffeff80d50;
L_0x7fffeff81d00 .functor MUXZ 2, L_0x7fee23070210, L_0x7fee230701c8, L_0x7fffeff81c40, C4<>;
L_0x7fffeff81f30 .part L_0x7fffeff81d00, 0, 1;
L_0x7fffeff822b0 .functor MUXZ 2, L_0x7fee23070330, L_0x7fee230702e8, L_0x7fffeff821a0, C4<>;
L_0x7fffeff81da0 .part L_0x7fffeff822b0, 0, 1;
S_0x7fffeff3f540 .scope module, "IDEX" "IDEX" 2 95, 2 100 0, S_0x7fffefefe220;
 .timescale 0 0;
    .port_info 0 /INPUT 1 "d_clk"
    .port_info 1 /INPUT 1 "d_regwrite"
    .port_info 2 /INPUT 1 "d_memtoreg"
    .port_info 3 /INPUT 1 "d_branch"
    .port_info 4 /INPUT 1 "d_memwrite"
    .port_info 5 /INPUT 1 "d_memread"
    .port_info 6 /INPUT 1 "d_regdst"
    .port_info 7 /INPUT 1 "d_alusrc"
    .port_info 8 /INPUT 1 "d_jump"
    .port_info 9 /INPUT 1 "flush"
    .port_info 10 /INPUT 2 "d_aluop"
    .port_info 11 /INPUT 32 "d_pc"
    .port_info 12 /INPUT 32 "d_rd1"
    .port_info 13 /INPUT 32 "d_rd2"
    .port_info 14 /INPUT 32 "d_sigext"
    .port_info 15 /INPUT 32 "d_jaddr"
    .port_info 16 /INPUT 5 "d_rs"
    .port_info 17 /INPUT 5 "d_rt"
    .port_info 18 /INPUT 5 "d_rd"
    .port_info 19 /OUTPUT 1 "e_regwrite"
    .port_info 20 /OUTPUT 1 "e_memtoreg"
    .port_info 21 /OUTPUT 1 "e_branch"
    .port_info 22 /OUTPUT 1 "e_memwrite"
    .port_info 23 /OUTPUT 1 "e_memread"
    .port_info 24 /OUTPUT 1 "e_regdst"
    .port_info 25 /OUTPUT 1 "e_alusrc"
    .port_info 26 /OUTPUT 1 "e_jump"
    .port_info 27 /OUTPUT 2 "e_aluop"
    .port_info 28 /OUTPUT 32 "e_pc"
    .port_info 29 /OUTPUT 32 "e_rd1"
    .port_info 30 /OUTPUT 32 "e_rd2"
    .port_info 31 /OUTPUT 32 "e_sigext"
    .port_info 32 /OUTPUT 32 "e_jaddr"
    .port_info 33 /OUTPUT 5 "e_rs"
    .port_info 34 /OUTPUT 5 "e_rt"
    .port_info 35 /OUTPUT 5 "e_rd"
v0x7fffeff41af0_0 .net "d_aluop", 1 0, v0x7fffeff5d100_0;  alias, 1 drivers
v0x7fffeff40a80_0 .net "d_alusrc", 0 0, v0x7fffeff5d210_0;  alias, 1 drivers
v0x7fffeff21780_0 .net "d_branch", 0 0, v0x7fffeff5d2e0_0;  alias, 1 drivers
v0x7fffeff3c790_0 .net "d_clk", 0 0, o0x7fee230c00a8;  alias, 0 drivers
v0x7fffeff32490_0 .net "d_jaddr", 31 0, L_0x7fffeff81110;  alias, 1 drivers
v0x7fffeff599f0_0 .net "d_jump", 0 0, v0x7fffeff5d480_0;  alias, 1 drivers
v0x7fffeff59ab0_0 .net "d_memread", 0 0, v0x7fffeff5d570_0;  alias, 1 drivers
v0x7fffeff59b70_0 .net "d_memtoreg", 0 0, v0x7fffeff5d640_0;  alias, 1 drivers
v0x7fffeff59c30_0 .net "d_memwrite", 0 0, v0x7fffeff5d710_0;  alias, 1 drivers
v0x7fffeff59cf0_0 .net "d_pc", 31 0, v0x7fffeff69050_0;  alias, 1 drivers
v0x7fffeff59dd0_0 .net "d_rd", 4 0, L_0x7fffeff80df0;  alias, 1 drivers
v0x7fffeff59eb0_0 .net "d_rd1", 31 0, L_0x7fffeff82880;  alias, 1 drivers
v0x7fffeff59f90_0 .net "d_rd2", 31 0, L_0x7fffeff82e50;  alias, 1 drivers
v0x7fffeff5a070_0 .net "d_regdst", 0 0, v0x7fffeff5d880_0;  alias, 1 drivers
v0x7fffeff5a130_0 .net "d_regwrite", 0 0, v0x7fffeff5d950_0;  alias, 1 drivers
v0x7fffeff5a1f0_0 .net "d_rs", 4 0, L_0x7fffeff80cb0;  alias, 1 drivers
v0x7fffeff5a2d0_0 .net "d_rt", 4 0, L_0x7fffeff80d50;  alias, 1 drivers
v0x7fffeff5a4c0_0 .net "d_sigext", 31 0, L_0x7fffeff81800;  alias, 1 drivers
v0x7fffeff5a5a0_0 .var "e_aluop", 1 0;
v0x7fffeff5a680_0 .var "e_alusrc", 0 0;
v0x7fffeff5a740_0 .var "e_branch", 0 0;
v0x7fffeff5a800_0 .var "e_jaddr", 31 0;
v0x7fffeff5a8e0_0 .var "e_jump", 0 0;
v0x7fffeff5a9a0_0 .var "e_memread", 0 0;
v0x7fffeff5aa60_0 .var "e_memtoreg", 0 0;
v0x7fffeff5ab20_0 .var "e_memwrite", 0 0;
v0x7fffeff5abe0_0 .var "e_pc", 31 0;
v0x7fffeff5acc0_0 .var "e_rd", 4 0;
v0x7fffeff5ada0_0 .var "e_rd1", 31 0;
v0x7fffeff5ae80_0 .var "e_rd2", 31 0;
v0x7fffeff5af60_0 .var "e_regdst", 0 0;
v0x7fffeff5b020_0 .var "e_regwrite", 0 0;
v0x7fffeff5b0e0_0 .var "e_rs", 4 0;
v0x7fffeff5b3d0_0 .var "e_rt", 4 0;
v0x7fffeff5b4b0_0 .var "e_sigext", 31 0;
v0x7fffeff5b590_0 .net "flush", 0 0, L_0x7fffeff81da0;  alias, 1 drivers
E_0x7fffefedc560 .event posedge, v0x7fffeff3c790_0;
S_0x7fffeff5bad0 .scope module, "Registers" "Register_Bank" 2 92, 2 190 0, S_0x7fffefefe220;
 .timescale 0 0;
    .port_info 0 /INPUT 1 "clk"
    .port_info 1 /INPUT 1 "regwrite"
    .port_info 2 /INPUT 5 "read1"
    .port_info 3 /INPUT 5 "read2"
    .port_info 4 /INPUT 5 "writereg"
    .port_info 5 /INPUT 32 "writedata"
    .port_info 6 /OUTPUT 32 "data1"
    .port_info 7 /OUTPUT 32 "data2"
L_0x7fffeff825e0 .functor AND 1, v0x7fffeff6bc70_0, L_0x7fffeff82540, C4<1>, C4<1>;
L_0x7fffeff82b70 .functor AND 1, v0x7fffeff6bc70_0, L_0x7fffeff829c0, C4<1>, C4<1>;
v0x7fffeff5bd90_0 .net *"_s0", 0 0, L_0x7fffeff82540;  1 drivers
v0x7fffeff5be50_0 .net *"_s12", 0 0, L_0x7fffeff829c0;  1 drivers
v0x7fffeff5bf10_0 .net *"_s14", 0 0, L_0x7fffeff82b70;  1 drivers
v0x7fffeff5bfb0_0 .net *"_s16", 31 0, L_0x7fffeff82c30;  1 drivers
v0x7fffeff5c090_0 .net *"_s18", 6 0, L_0x7fffeff82d10;  1 drivers
v0x7fffeff5c1c0_0 .net *"_s2", 0 0, L_0x7fffeff825e0;  1 drivers
L_0x7fee230703c0 .functor BUFT 1, C4<00>, C4<0>, C4<0>, C4<0>;
v0x7fffeff5c280_0 .net *"_s21", 1 0, L_0x7fee230703c0;  1 drivers
v0x7fffeff5c360_0 .net *"_s4", 31 0, L_0x7fffeff826a0;  1 drivers
v0x7fffeff5c440_0 .net *"_s6", 6 0, L_0x7fffeff82740;  1 drivers
L_0x7fee23070378 .functor BUFT 1, C4<00>, C4<0>, C4<0>, C4<0>;
v0x7fffeff5c520_0 .net *"_s9", 1 0, L_0x7fee23070378;  1 drivers
v0x7fffeff5c600_0 .net "clk", 0 0, o0x7fee230c00a8;  alias, 0 drivers
v0x7fffeff5c6a0_0 .net "data1", 31 0, L_0x7fffeff82880;  alias, 1 drivers
v0x7fffeff5c740_0 .net "data2", 31 0, L_0x7fffeff82e50;  alias, 1 drivers
v0x7fffeff5c7e0_0 .var/i "i", 31 0;
v0x7fffeff5c8a0 .array "memory", 31 0, 31 0;
v0x7fffeff5c960_0 .net "read1", 4 0, L_0x7fffeff80cb0;  alias, 1 drivers
v0x7fffeff5ca20_0 .net "read2", 4 0, L_0x7fffeff80d50;  alias, 1 drivers
v0x7fffeff5cac0_0 .net "regwrite", 0 0, v0x7fffeff6bc70_0;  alias, 1 drivers
v0x7fffeff5cb60_0 .net "writedata", 31 0, L_0x7fffeff84130;  alias, 1 drivers
v0x7fffeff5cc40_0 .net "writereg", 4 0, v0x7fffeff6b9b0_0;  alias, 1 drivers
L_0x7fffeff82540 .cmp/eq 5, L_0x7fffeff80cb0, v0x7fffeff6b9b0_0;
L_0x7fffeff826a0 .array/port v0x7fffeff5c8a0, L_0x7fffeff82740;
L_0x7fffeff82740 .concat [ 5 2 0 0], L_0x7fffeff80cb0, L_0x7fee23070378;
L_0x7fffeff82880 .functor MUXZ 32, L_0x7fffeff826a0, L_0x7fffeff84130, L_0x7fffeff825e0, C4<>;
L_0x7fffeff829c0 .cmp/eq 5, L_0x7fffeff80d50, v0x7fffeff6b9b0_0;
L_0x7fffeff82c30 .array/port v0x7fffeff5c8a0, L_0x7fffeff82d10;
L_0x7fffeff82d10 .concat [ 5 2 0 0], L_0x7fffeff80d50, L_0x7fee230703c0;
L_0x7fffeff82e50 .functor MUXZ 32, L_0x7fffeff82c30, L_0x7fffeff84130, L_0x7fffeff82b70, C4<>;
S_0x7fffeff5ce20 .scope module, "control" "ControlUnit" 2 90, 2 143 0, S_0x7fffefefe220;
 .timescale 0 0;
    .port_info 0 /INPUT 6 "opcode"
    .port_info 1 /INPUT 1 "hazard_detected"
    .port_info 2 /OUTPUT 1 "regdst"
    .port_info 3 /OUTPUT 1 "alusrc"
    .port_info 4 /OUTPUT 1 "memtoreg"
    .port_info 5 /OUTPUT 1 "regwrite"
    .port_info 6 /OUTPUT 1 "memread"
    .port_info 7 /OUTPUT 1 "memwrite"
    .port_info 8 /OUTPUT 1 "branch"
    .port_info 9 /OUTPUT 1 "jump"
    .port_info 10 /OUTPUT 2 "aluop"
v0x7fffeff5d100_0 .var "aluop", 1 0;
v0x7fffeff5d210_0 .var "alusrc", 0 0;
v0x7fffeff5d2e0_0 .var "branch", 0 0;
v0x7fffeff5d3e0_0 .net "hazard_detected", 0 0, L_0x7fffeff81f30;  alias, 1 drivers
v0x7fffeff5d480_0 .var "jump", 0 0;
v0x7fffeff5d570_0 .var "memread", 0 0;
v0x7fffeff5d640_0 .var "memtoreg", 0 0;
v0x7fffeff5d710_0 .var "memwrite", 0 0;
v0x7fffeff5d7e0_0 .net "opcode", 5 0, L_0x7fffeff80b80;  alias, 1 drivers
v0x7fffeff5d880_0 .var "regdst", 0 0;
v0x7fffeff5d950_0 .var "regwrite", 0 0;
E_0x7fffefedbee0 .event edge, v0x7fffeff5d7e0_0;
S_0x7fffeff62040 .scope module, "execute" "execute" 2 408, 2 212 0, S_0x7fffeff37f80;
 .timescale 0 0;
    .port_info 0 /INPUT 1 "e_clk"
    .port_info 1 /INPUT 1 "e_alusrc"
    .port_info 2 /INPUT 1 "e_regdst"
    .port_info 3 /INPUT 1 "e_regwrite"
    .port_info 4 /INPUT 1 "e_memread"
    .port_info 5 /INPUT 1 "e_memtoreg"
    .port_info 6 /INPUT 1 "e_memwrite"
    .port_info 7 /INPUT 1 "e_branch"
    .port_info 8 /INPUT 1 "e_jump"
    .port_info 9 /INPUT 1 "m_regw"
    .port_info 10 /INPUT 1 "w_regw"
    .port_info 11 /INPUT 1 "flush"
    .port_info 12 /INPUT 32 "e_in1"
    .port_info 13 /INPUT 32 "e_in2"
    .port_info 14 /INPUT 32 "e_sigext"
    .port_info 15 /INPUT 32 "e_pc"
    .port_info 16 /INPUT 32 "m_data"
    .port_info 17 /INPUT 32 "w_data"
    .port_info 18 /INPUT 32 "e_jaddr"
    .port_info 19 /INPUT 5 "e_rs"
    .port_info 20 /INPUT 5 "e_rt"
    .port_info 21 /INPUT 5 "e_rd"
    .port_info 22 /INPUT 5 "m_rd"
    .port_info 23 /INPUT 5 "w_rd"
    .port_info 24 /INPUT 2 "e_aluop"
    .port_info 25 /OUTPUT 32 "m_alures"
    .port_info 26 /OUTPUT 32 "m_rd2"
    .port_info 27 /OUTPUT 32 "m_addres"
    .port_info 28 /OUTPUT 32 "m_jaddr"
    .port_info 29 /OUTPUT 5 "m_muxRegDst"
    .port_info 30 /OUTPUT 1 "m_branch"
    .port_info 31 /OUTPUT 1 "m_zero"
    .port_info 32 /OUTPUT 1 "m_regwrite"
    .port_info 33 /OUTPUT 1 "m_memtoreg"
    .port_info 34 /OUTPUT 1 "m_memread"
    .port_info 35 /OUTPUT 1 "m_memwrite"
    .port_info 36 /OUTPUT 1 "m_jump"
v0x7fffeff65ca0_0 .var "A", 31 0;
v0x7fffeff65d80_0 .var "B", 31 0;
v0x7fffeff65e20_0 .net *"_s10", 29 0, L_0x7fffeff83330;  1 drivers
L_0x7fee23070450 .functor BUFT 1, C4<00>, C4<0>, C4<0>, C4<0>;
v0x7fffeff65ec0_0 .net *"_s12", 1 0, L_0x7fee23070450;  1 drivers
v0x7fffeff65fa0_0 .net *"_s3", 29 0, L_0x7fffeff831f0;  1 drivers
v0x7fffeff66080_0 .net *"_s4", 31 0, L_0x7fffeff83290;  1 drivers
L_0x7fee23070408 .functor BUFT 1, C4<00>, C4<0>, C4<0>, C4<0>;
v0x7fffeff66160_0 .net *"_s7", 1 0, L_0x7fee23070408;  1 drivers
v0x7fffeff66240_0 .net *"_s8", 31 0, L_0x7fffeff833d0;  1 drivers
v0x7fffeff66320_0 .net "alu_B", 31 0, L_0x7fffeff82fe0;  1 drivers
v0x7fffeff663e0_0 .net "aluctrl", 3 0, v0x7fffeff64db0_0;  1 drivers
v0x7fffeff66480_0 .net "e_addres", 31 0, L_0x7fffeff83510;  1 drivers
v0x7fffeff66540_0 .net "e_aluop", 1 0, v0x7fffeff5a5a0_0;  alias, 1 drivers
v0x7fffeff665e0_0 .net "e_aluout", 31 0, v0x7fffeff64940_0;  1 drivers
v0x7fffeff666f0_0 .net "e_alusrc", 0 0, v0x7fffeff5a680_0;  alias, 1 drivers
v0x7fffeff667e0_0 .net "e_branch", 0 0, v0x7fffeff5a740_0;  alias, 1 drivers
v0x7fffeff66880_0 .net "e_clk", 0 0, o0x7fee230c00a8;  alias, 0 drivers
v0x7fffeff66920_0 .net "e_in1", 31 0, v0x7fffeff5ada0_0;  alias, 1 drivers
v0x7fffeff66af0_0 .net "e_in2", 31 0, v0x7fffeff5ae80_0;  alias, 1 drivers
v0x7fffeff66c00_0 .net "e_jaddr", 31 0, v0x7fffeff5a800_0;  alias, 1 drivers
v0x7fffeff66cc0_0 .net "e_jump", 0 0, v0x7fffeff5a8e0_0;  alias, 1 drivers
v0x7fffeff66d60_0 .net "e_memread", 0 0, v0x7fffeff5a9a0_0;  alias, 1 drivers
v0x7fffeff66e00_0 .net "e_memtoreg", 0 0, v0x7fffeff5aa60_0;  alias, 1 drivers
v0x7fffeff66ea0_0 .net "e_memwrite", 0 0, v0x7fffeff5ab20_0;  alias, 1 drivers
v0x7fffeff66f40_0 .net "e_muxRegDst", 4 0, L_0x7fffeff839e0;  1 drivers
v0x7fffeff66fe0_0 .net "e_pc", 31 0, v0x7fffeff5abe0_0;  alias, 1 drivers
v0x7fffeff67080_0 .net "e_rd", 4 0, v0x7fffeff5acc0_0;  alias, 1 drivers
v0x7fffeff67140_0 .net "e_regdst", 0 0, v0x7fffeff5af60_0;  alias, 1 drivers
v0x7fffeff67230_0 .net "e_regwrite", 0 0, v0x7fffeff5b020_0;  alias, 1 drivers
v0x7fffeff672d0_0 .net "e_rs", 4 0, v0x7fffeff5b0e0_0;  alias, 1 drivers
v0x7fffeff67390_0 .net "e_rt", 4 0, v0x7fffeff5b3d0_0;  alias, 1 drivers
v0x7fffeff67450_0 .net "e_sigext", 31 0, v0x7fffeff5b4b0_0;  alias, 1 drivers
v0x7fffeff67560_0 .net "e_zero", 0 0, L_0x7fffeff83850;  1 drivers
v0x7fffeff67650_0 .net "flush", 0 0, L_0x7fffeff81da0;  alias, 1 drivers
v0x7fffeff676f0_0 .net "forwardA", 1 0, v0x7fffeff65650_0;  1 drivers
v0x7fffeff677b0_0 .net "forwardB", 1 0, v0x7fffeff65730_0;  1 drivers
v0x7fffeff67850_0 .net "m_addres", 31 0, v0x7fffeff63690_0;  alias, 1 drivers
v0x7fffeff678f0_0 .net "m_alures", 31 0, v0x7fffeff63770_0;  alias, 1 drivers
v0x7fffeff67990_0 .net "m_branch", 0 0, v0x7fffeff63850_0;  alias, 1 drivers
v0x7fffeff67a30_0 .net "m_data", 31 0, v0x7fffeff63770_0;  alias, 1 drivers
v0x7fffeff67b20_0 .net "m_jaddr", 31 0, v0x7fffeff63910_0;  alias, 1 drivers
v0x7fffeff67bc0_0 .net "m_jump", 0 0, v0x7fffeff639f0_0;  alias, 1 drivers
v0x7fffeff67cb0_0 .net "m_memread", 0 0, v0x7fffeff63a90_0;  alias, 1 drivers
v0x7fffeff67d50_0 .net "m_memtoreg", 0 0, v0x7fffeff63b30_0;  alias, 1 drivers
v0x7fffeff67df0_0 .net "m_memwrite", 0 0, v0x7fffeff63bf0_0;  alias, 1 drivers
v0x7fffeff67e90_0 .net "m_muxRegDst", 4 0, v0x7fffeff63cb0_0;  alias, 1 drivers
v0x7fffeff67f80_0 .net "m_rd", 4 0, v0x7fffeff63cb0_0;  alias, 1 drivers
v0x7fffeff68020_0 .net "m_rd2", 31 0, v0x7fffeff63d90_0;  alias, 1 drivers
v0x7fffeff680c0_0 .net "m_regw", 0 0, v0x7fffeff63e70_0;  alias, 1 drivers
v0x7fffeff68160_0 .net "m_regwrite", 0 0, v0x7fffeff63e70_0;  alias, 1 drivers
v0x7fffeff68290_0 .net "m_zero", 0 0, v0x7fffeff63f30_0;  alias, 1 drivers
v0x7fffeff68330_0 .net "w_data", 31 0, L_0x7fffeff84130;  alias, 1 drivers
v0x7fffeff683d0_0 .net "w_rd", 4 0, v0x7fffeff6b9b0_0;  alias, 1 drivers
v0x7fffeff68470_0 .net "w_regw", 0 0, v0x7fffeff63e70_0;  alias, 1 drivers
E_0x7fffefedc920/0 .event edge, v0x7fffeff5ada0_0, v0x7fffeff65650_0, v0x7fffeff5cb60_0, v0x7fffeff63770_0;
E_0x7fffefedc920/1 .event edge, v0x7fffeff646c0_0, v0x7fffeff65730_0;
E_0x7fffefedc920 .event/or E_0x7fffefedc920/0, E_0x7fffefedc920/1;
L_0x7fffeff82fe0 .functor MUXZ 32, v0x7fffeff5ae80_0, v0x7fffeff5b4b0_0, v0x7fffeff5a680_0, C4<>;
L_0x7fffeff831f0 .part v0x7fffeff5b4b0_0, 2, 30;
L_0x7fffeff83290 .concat [ 30 2 0 0], L_0x7fffeff831f0, L_0x7fee23070408;
L_0x7fffeff83330 .part L_0x7fffeff83290, 0, 30;
L_0x7fffeff833d0 .concat [ 2 30 0 0], L_0x7fee23070450, L_0x7fffeff83330;
L_0x7fffeff83510 .arith/sum 32, v0x7fffeff5abe0_0, L_0x7fffeff833d0;
L_0x7fffeff83940 .part v0x7fffeff5b4b0_0, 0, 6;
L_0x7fffeff839e0 .functor MUXZ 5, v0x7fffeff5b3d0_0, v0x7fffeff5acc0_0, v0x7fffeff5af60_0, C4<>;
S_0x7fffeff625f0 .scope module, "EXMEM" "EXMEM" 2 251, 2 317 0, S_0x7fffeff62040;
 .timescale 0 0;
    .port_info 0 /INPUT 1 "e_clk"
    .port_info 1 /INPUT 1 "e_regwrite"
    .port_info 2 /INPUT 1 "e_memtoreg"
    .port_info 3 /INPUT 1 "e_branch"
    .port_info 4 /INPUT 1 "e_zero"
    .port_info 5 /INPUT 1 "e_memread"
    .port_info 6 /INPUT 1 "e_memwrite"
    .port_info 7 /INPUT 1 "e_jump"
    .port_info 8 /INPUT 1 "flush"
    .port_info 9 /INPUT 32 "e_addRes"
    .port_info 10 /INPUT 32 "e_alures"
    .port_info 11 /INPUT 32 "e_rd2"
    .port_info 12 /INPUT 32 "e_jaddr"
    .port_info 13 /INPUT 5 "e_muxRegDst"
    .port_info 14 /OUTPUT 1 "m_regwrite"
    .port_info 15 /OUTPUT 1 "m_memtoreg"
    .port_info 16 /OUTPUT 1 "m_zero"
    .port_info 17 /OUTPUT 1 "m_memread"
    .port_info 18 /OUTPUT 1 "m_memwrite"
    .port_info 19 /OUTPUT 1 "m_branch"
    .port_info 20 /OUTPUT 1 "m_jump"
    .port_info 21 /OUTPUT 32 "m_addRes"
    .port_info 22 /OUTPUT 32 "m_alures"
    .port_info 23 /OUTPUT 32 "m_rd2"
    .port_info 24 /OUTPUT 32 "m_jaddr"
    .port_info 25 /OUTPUT 5 "m_muxRegDst"
v0x7fffeff62a60_0 .net "e_addRes", 31 0, L_0x7fffeff83510;  alias, 1 drivers
v0x7fffeff62b60_0 .net "e_alures", 31 0, v0x7fffeff64940_0;  alias, 1 drivers
v0x7fffeff62c40_0 .net "e_branch", 0 0, v0x7fffeff5a740_0;  alias, 1 drivers
v0x7fffeff62d30_0 .net "e_clk", 0 0, o0x7fee230c00a8;  alias, 0 drivers
v0x7fffeff62dd0_0 .net "e_jaddr", 31 0, v0x7fffeff5a800_0;  alias, 1 drivers
v0x7fffeff62f10_0 .net "e_jump", 0 0, v0x7fffeff5a8e0_0;  alias, 1 drivers
v0x7fffeff63000_0 .net "e_memread", 0 0, v0x7fffeff5a9a0_0;  alias, 1 drivers
v0x7fffeff630a0_0 .net "e_memtoreg", 0 0, v0x7fffeff5aa60_0;  alias, 1 drivers
v0x7fffeff63190_0 .net "e_memwrite", 0 0, v0x7fffeff5ab20_0;  alias, 1 drivers
v0x7fffeff63230_0 .net "e_muxRegDst", 4 0, L_0x7fffeff839e0;  alias, 1 drivers
v0x7fffeff63310_0 .net "e_rd2", 31 0, v0x7fffeff65d80_0;  1 drivers
v0x7fffeff633f0_0 .net "e_regwrite", 0 0, v0x7fffeff5b020_0;  alias, 1 drivers
v0x7fffeff634e0_0 .net "e_zero", 0 0, L_0x7fffeff83850;  alias, 1 drivers
v0x7fffeff635a0_0 .net "flush", 0 0, L_0x7fffeff81da0;  alias, 1 drivers
v0x7fffeff63690_0 .var "m_addRes", 31 0;
v0x7fffeff63770_0 .var "m_alures", 31 0;
v0x7fffeff63850_0 .var "m_branch", 0 0;
v0x7fffeff63910_0 .var "m_jaddr", 31 0;
v0x7fffeff639f0_0 .var "m_jump", 0 0;
v0x7fffeff63a90_0 .var "m_memread", 0 0;
v0x7fffeff63b30_0 .var "m_memtoreg", 0 0;
v0x7fffeff63bf0_0 .var "m_memwrite", 0 0;
v0x7fffeff63cb0_0 .var "m_muxRegDst", 4 0;
v0x7fffeff63d90_0 .var "m_rd2", 31 0;
v0x7fffeff63e70_0 .var "m_regwrite", 0 0;
v0x7fffeff63f30_0 .var "m_zero", 0 0;
S_0x7fffeff64330 .scope module, "alu" "ALU" 2 244, 2 295 0, S_0x7fffeff62040;
 .timescale 0 0;
    .port_info 0 /INPUT 4 "alucontrol"
    .port_info 1 /INPUT 32 "A"
    .port_info 2 /INPUT 32 "B"
    .port_info 3 /OUTPUT 32 "aluout"
    .port_info 4 /OUTPUT 1 "zero"
v0x7fffeff645c0_0 .net "A", 31 0, v0x7fffeff65ca0_0;  1 drivers
v0x7fffeff646c0_0 .net "B", 31 0, L_0x7fffeff82fe0;  alias, 1 drivers
L_0x7fee23070498 .functor BUFT 1, C4<00000000000000000000000000000000>, C4<0>, C4<0>, C4<0>;
v0x7fffeff647a0_0 .net/2u *"_s0", 31 0, L_0x7fee23070498;  1 drivers
v0x7fffeff64860_0 .net "alucontrol", 3 0, v0x7fffeff64db0_0;  alias, 1 drivers
v0x7fffeff64940_0 .var "aluout", 31 0;
v0x7fffeff64a50_0 .net "zero", 0 0, L_0x7fffeff83850;  alias, 1 drivers
E_0x7fffefedcb20 .event edge, v0x7fffeff646c0_0, v0x7fffeff645c0_0, v0x7fffeff64860_0;
L_0x7fffeff83850 .cmp/eq 32, v0x7fffeff64940_0, L_0x7fee23070498;
S_0x7fffeff64b50 .scope module, "alucontrol" "alucontrol" 2 246, 2 272 0, S_0x7fffeff62040;
 .timescale 0 0;
    .port_info 0 /INPUT 2 "aluop"
    .port_info 1 /INPUT 6 "funct"
    .port_info 2 /OUTPUT 4 "alucontrol"
v0x7fffeff64db0_0 .var "alucontrol", 3 0;
v0x7fffeff64e90_0 .net "aluop", 1 0, v0x7fffeff5a5a0_0;  alias, 1 drivers
v0x7fffeff64f80_0 .net "funct", 5 0, L_0x7fffeff83940;  1 drivers
E_0x7fffeff418c0 .event edge, v0x7fffeff64f80_0, v0x7fffeff5a5a0_0;
S_0x7fffeff650c0 .scope module, "forward_unit" "forward" 2 222, 2 255 0, S_0x7fffeff62040;
 .timescale 0 0;
    .port_info 0 /INPUT 5 "e_rs"
    .port_info 1 /INPUT 5 "e_rt"
    .port_info 2 /INPUT 5 "e_rd"
    .port_info 3 /INPUT 5 "m_rd"
    .port_info 4 /INPUT 5 "w_rd"
    .port_info 5 /INPUT 1 "m_regwrite"
    .port_info 6 /INPUT 1 "w_regwrite"
    .port_info 7 /OUTPUT 2 "forwardA"
    .port_info 8 /OUTPUT 2 "forwardB"
v0x7fffeff65320_0 .net "e_rd", 4 0, v0x7fffeff5acc0_0;  alias, 1 drivers
v0x7fffeff65450_0 .net "e_rs", 4 0, v0x7fffeff5b0e0_0;  alias, 1 drivers
v0x7fffeff65560_0 .net "e_rt", 4 0, v0x7fffeff5b3d0_0;  alias, 1 drivers
v0x7fffeff65650_0 .var "forwardA", 1 0;
v0x7fffeff65730_0 .var "forwardB", 1 0;
v0x7fffeff65860_0 .net "m_rd", 4 0, v0x7fffeff63cb0_0;  alias, 1 drivers
v0x7fffeff65920_0 .net "m_regwrite", 0 0, v0x7fffeff63e70_0;  alias, 1 drivers
v0x7fffeff659c0_0 .net "w_rd", 4 0, v0x7fffeff6b9b0_0;  alias, 1 drivers
v0x7fffeff65ab0_0 .net "w_regwrite", 0 0, v0x7fffeff63e70_0;  alias, 1 drivers
E_0x7fffeff42240/0 .event edge, v0x7fffeff63e70_0, v0x7fffeff63cb0_0, v0x7fffeff5b0e0_0, v0x7fffeff63e70_0;
E_0x7fffeff42240/1 .event edge, v0x7fffeff5cc40_0, v0x7fffeff5b3d0_0;
E_0x7fffeff42240 .event/or E_0x7fffeff42240/0, E_0x7fffeff42240/1;
S_0x7fffeff68990 .scope module, "fetch" "fetch" 2 402, 2 2 0, S_0x7fffeff37f80;
 .timescale 0 0;
    .port_info 0 /INPUT 1 "rst"
    .port_info 1 /INPUT 1 "clk"
    .port_info 2 /INPUT 1 "pc_src"
    .port_info 3 /INPUT 1 "jump"
    .port_info 4 /INPUT 1 "flush"
    .port_info 5 /INPUT 32 "add_res"
    .port_info 6 /INPUT 32 "jaddr"
    .port_info 7 /OUTPUT 32 "d_inst"
    .port_info 8 /OUTPUT 32 "d_pc"
L_0x7fffeff806e0 .functor BUFZ 32, L_0x7fffeff80a40, C4<00000000000000000000000000000000>, C4<00000000000000000000000000000000>, C4<00000000000000000000000000000000>;
L_0x7fee23070018 .functor BUFT 1, C4<00000000000000000000000000000100>, C4<0>, C4<0>, C4<0>;
v0x7fffeff69c30_0 .net/2u *"_s0", 31 0, L_0x7fee23070018;  1 drivers
v0x7fffeff69d30_0 .net *"_s11", 29 0, L_0x7fffeff80ae0;  1 drivers
v0x7fffeff69e10_0 .net *"_s4", 31 0, L_0x7fffeff80750;  1 drivers
v0x7fffeff69ed0_0 .net *"_s8", 31 0, L_0x7fffeff80a40;  1 drivers
v0x7fffeff69fb0_0 .net "add_res", 31 0, v0x7fffeff63910_0;  alias, 1 drivers
v0x7fffeff6a110_0 .net "clk", 0 0, o0x7fee230c00a8;  alias, 0 drivers
v0x7fffeff6a1b0_0 .net "d_inst", 31 0, v0x7fffeff68f40_0;  alias, 1 drivers
v0x7fffeff6a2c0_0 .net "d_pc", 31 0, v0x7fffeff69050_0;  alias, 1 drivers
v0x7fffeff6a380_0 .net "flush", 0 0, L_0x7fffeff81da0;  alias, 1 drivers
v0x7fffeff6a4b0_0 .net "inst", 31 0, L_0x7fffeff806e0;  1 drivers
v0x7fffeff6a570 .array "inst_mem", 127 0, 31 0;
v0x7fffeff6a610_0 .net "jaddr", 31 0, v0x7fffeff63690_0;  alias, 1 drivers
v0x7fffeff6a6d0_0 .net "jump", 0 0, v0x7fffeff639f0_0;  alias, 1 drivers
v0x7fffeff6a770_0 .net "new_pc", 31 0, L_0x7fffeff80910;  1 drivers
v0x7fffeff6a830_0 .net "pc", 31 0, v0x7fffeff699d0_0;  1 drivers
v0x7fffeff6a8d0_0 .net "pc_4", 31 0, L_0x7fffeff80640;  1 drivers
v0x7fffeff6a970_0 .net "pc_src", 0 0, L_0x7fffeff83ce0;  alias, 1 drivers
v0x7fffeff6aa40_0 .net "rst", 0 0, o0x7fee230c3588;  alias, 0 drivers
L_0x7fffeff80640 .arith/sum 32, L_0x7fee23070018, v0x7fffeff699d0_0;
L_0x7fffeff80750 .functor MUXZ 32, L_0x7fffeff80640, v0x7fffeff63910_0, L_0x7fffeff83ce0, C4<>;
L_0x7fffeff80910 .functor MUXZ 32, L_0x7fffeff80750, v0x7fffeff63690_0, v0x7fffeff639f0_0, C4<>;
L_0x7fffeff80a40 .array/port v0x7fffeff6a570, L_0x7fffeff80ae0;
L_0x7fffeff80ae0 .part v0x7fffeff699d0_0, 2, 30;
S_0x7fffeff68c90 .scope module, "IFID" "IFID" 2 40, 2 45 0, S_0x7fffeff68990;
 .timescale 0 0;
    .port_info 0 /INPUT 1 "f_clk"
    .port_info 1 /INPUT 1 "flush"
    .port_info 2 /INPUT 32 "f_pc"
    .port_info 3 /INPUT 32 "f_inst"
    .port_info 4 /OUTPUT 32 "d_pc"
    .port_info 5 /OUTPUT 32 "d_inst"
v0x7fffeff68f40_0 .var "d_inst", 31 0;
v0x7fffeff69050_0 .var "d_pc", 31 0;
v0x7fffeff69140_0 .net "f_clk", 0 0, o0x7fee230c00a8;  alias, 0 drivers
v0x7fffeff691e0_0 .net "f_inst", 31 0, L_0x7fffeff806e0;  alias, 1 drivers
v0x7fffeff692a0_0 .net "f_pc", 31 0, L_0x7fffeff80640;  alias, 1 drivers
v0x7fffeff693d0_0 .net "flush", 0 0, L_0x7fffeff81da0;  alias, 1 drivers
S_0x7fffeff69600 .scope module, "program_counter" "PC" 2 35, 2 56 0, S_0x7fffeff68990;
 .timescale 0 0;
    .port_info 0 /INPUT 32 "pc_in"
    .port_info 1 /INPUT 1 "clk"
    .port_info 2 /INPUT 1 "rst"
    .port_info 3 /OUTPUT 32 "pc_out"
v0x7fffeff69830_0 .net "clk", 0 0, o0x7fee230c00a8;  alias, 0 drivers
v0x7fffeff698f0_0 .net "pc_in", 31 0, L_0x7fffeff80910;  alias, 1 drivers
v0x7fffeff699d0_0 .var "pc_out", 31 0;
v0x7fffeff69ac0_0 .net "rst", 0 0, o0x7fee230c3588;  alias, 0 drivers
E_0x7fffeff68e60 .event posedge, v0x7fffeff69ac0_0, v0x7fffeff3c790_0;
S_0x7fffeff6ac20 .scope module, "memory" "memory" 2 411, 2 351 0, S_0x7fffeff37f80;
 .timescale 0 0;
    .port_info 0 /INPUT 1 "m_clk"
    .port_info 1 /INPUT 1 "m_branch"
    .port_info 2 /INPUT 1 "m_zero"
    .port_info 3 /INPUT 1 "m_regwrite"
    .port_info 4 /INPUT 1 "m_memtoreg"
    .port_info 5 /INPUT 1 "m_memread"
    .port_info 6 /INPUT 1 "m_memwrite"
    .port_info 7 /INPUT 32 "m_alures"
    .port_info 8 /INPUT 32 "writedata"
    .port_info 9 /INPUT 32 "e_jaddr"
    .port_info 10 /INPUT 5 "m_muxRegDst"
    .port_info 11 /OUTPUT 32 "w_readdata"
    .port_info 12 /OUTPUT 32 "w_alures"
    .port_info 13 /OUTPUT 1 "w_memtoreg"
    .port_info 14 /OUTPUT 1 "w_regwrite"
    .port_info 15 /OUTPUT 1 "pc_src"
    .port_info 16 /OUTPUT 5 "w_muxRegDst"
L_0x7fffeff835b0 .functor AND 1, v0x7fffeff63f30_0, v0x7fffeff63850_0, C4<1>, C4<1>;
v0x7fffeff6be70_0 .net *"_s0", 0 0, L_0x7fffeff835b0;  1 drivers
v0x7fffeff6bf70_0 .net *"_s10", 31 0, L_0x7fffeff83dd0;  1 drivers
v0x7fffeff6c050_0 .net *"_s13", 29 0, L_0x7fffeff83e70;  1 drivers
L_0x7fee23070570 .functor BUFT 1, C4<00000000000000000000000000000000>, C4<0>, C4<0>, C4<0>;
v0x7fffeff6c110_0 .net/2u *"_s14", 31 0, L_0x7fee23070570;  1 drivers
L_0x7fee230704e0 .functor BUFT 1, C4<01>, C4<0>, C4<0>, C4<0>;
v0x7fffeff6c1f0_0 .net/2s *"_s2", 1 0, L_0x7fee230704e0;  1 drivers
L_0x7fee23070528 .functor BUFT 1, C4<00>, C4<0>, C4<0>, C4<0>;
v0x7fffeff6c2d0_0 .net/2s *"_s4", 1 0, L_0x7fee23070528;  1 drivers
v0x7fffeff6c3b0_0 .net *"_s6", 1 0, L_0x7fffeff83c40;  1 drivers
v0x7fffeff6c490_0 .net "e_jaddr", 31 0, v0x7fffeff5a800_0;  alias, 1 drivers
v0x7fffeff6c5e0_0 .var/i "i", 31 0;
v0x7fffeff6c750_0 .net "m_alures", 31 0, v0x7fffeff63770_0;  alias, 1 drivers
v0x7fffeff6c8a0_0 .net "m_branch", 0 0, v0x7fffeff63850_0;  alias, 1 drivers
v0x7fffeff6c940_0 .net "m_clk", 0 0, o0x7fee230c00a8;  alias, 0 drivers
v0x7fffeff6c9e0_0 .net "m_memread", 0 0, v0x7fffeff63a90_0;  alias, 1 drivers
v0x7fffeff6ca80_0 .net "m_memtoreg", 0 0, v0x7fffeff63b30_0;  alias, 1 drivers
v0x7fffeff6cb20_0 .net "m_memwrite", 0 0, v0x7fffeff63bf0_0;  alias, 1 drivers
v0x7fffeff6cbc0_0 .net "m_muxRegDst", 4 0, v0x7fffeff63cb0_0;  alias, 1 drivers
v0x7fffeff6cc80_0 .net "m_readdata", 31 0, L_0x7fffeff83f60;  1 drivers
v0x7fffeff6ce50_0 .net "m_regwrite", 0 0, v0x7fffeff63e70_0;  alias, 1 drivers
v0x7fffeff6cef0_0 .net "m_zero", 0 0, v0x7fffeff63f30_0;  alias, 1 drivers
v0x7fffeff6cfe0 .array "memory", 127 0, 31 0;
v0x7fffeff6d080_0 .net "pc_src", 0 0, L_0x7fffeff83ce0;  alias, 1 drivers
v0x7fffeff6d170_0 .net "w_alures", 31 0, v0x7fffeff6b810_0;  alias, 1 drivers
v0x7fffeff6d230_0 .net "w_memtoreg", 0 0, v0x7fffeff6b8f0_0;  alias, 1 drivers
v0x7fffeff6d2d0_0 .net "w_muxRegDst", 4 0, v0x7fffeff6b9b0_0;  alias, 1 drivers
v0x7fffeff6d370_0 .net "w_readdata", 31 0, v0x7fffeff6bb90_0;  alias, 1 drivers
v0x7fffeff6d410_0 .net "w_regwrite", 0 0, v0x7fffeff6bc70_0;  alias, 1 drivers
v0x7fffeff6d4b0_0 .net "writedata", 31 0, v0x7fffeff63d90_0;  alias, 1 drivers
L_0x7fffeff83c40 .functor MUXZ 2, L_0x7fee23070528, L_0x7fee230704e0, L_0x7fffeff835b0, C4<>;
L_0x7fffeff83ce0 .part L_0x7fffeff83c40, 0, 1;
L_0x7fffeff83dd0 .array/port v0x7fffeff6cfe0, L_0x7fffeff83e70;
L_0x7fffeff83e70 .part v0x7fffeff63770_0, 2, 30;
L_0x7fffeff83f60 .functor MUXZ 32, L_0x7fee23070570, L_0x7fffeff83dd0, v0x7fffeff63a90_0, C4<>;
S_0x7fffeff6af40 .scope module, "MEMWB" "MEMWB" 2 373, 2 378 0, S_0x7fffeff6ac20;
 .timescale 0 0;
    .port_info 0 /INPUT 1 "m_clk"
    .port_info 1 /INPUT 1 "m_regwrite"
    .port_info 2 /INPUT 1 "m_memtoreg"
    .port_info 3 /INPUT 32 "m_readData"
    .port_info 4 /INPUT 32 "m_alures"
    .port_info 5 /INPUT 5 "m_muxRegDst"
    .port_info 6 /OUTPUT 32 "w_readData"
    .port_info 7 /OUTPUT 32 "w_alures"
    .port_info 8 /OUTPUT 5 "w_muxRegDst"
    .port_info 9 /OUTPUT 1 "w_regwrite"
    .port_info 10 /OUTPUT 1 "w_memtoreg"
v0x7fffeff6b240_0 .net "m_alures", 31 0, v0x7fffeff63770_0;  alias, 1 drivers
v0x7fffeff6b320_0 .net "m_clk", 0 0, o0x7fee230c00a8;  alias, 0 drivers
v0x7fffeff6b4f0_0 .net "m_memtoreg", 0 0, v0x7fffeff63b30_0;  alias, 1 drivers
v0x7fffeff6b610_0 .net "m_muxRegDst", 4 0, v0x7fffeff63cb0_0;  alias, 1 drivers
v0x7fffeff6b6b0_0 .net "m_readData", 31 0, L_0x7fffeff83f60;  alias, 1 drivers
v0x7fffeff6b770_0 .net "m_regwrite", 0 0, v0x7fffeff63e70_0;  alias, 1 drivers
v0x7fffeff6b810_0 .var "w_alures", 31 0;
v0x7fffeff6b8f0_0 .var "w_memtoreg", 0 0;
v0x7fffeff6b9b0_0 .var "w_muxRegDst", 4 0;
v0x7fffeff6bb90_0 .var "w_readData", 31 0;
v0x7fffeff6bc70_0 .var "w_regwrite", 0 0;
S_0x7fffeff6d7c0 .scope module, "writeback" "writeback" 2 414, 2 389 0, S_0x7fffeff37f80;
 .timescale 0 0;
    .port_info 0 /INPUT 32 "readdata"
    .port_info 1 /INPUT 32 "aluout"
    .port_info 2 /INPUT 1 "memtoreg"
    .port_info 3 /OUTPUT 32 "write_data"
v0x7fffeff6da50_0 .net "aluout", 31 0, v0x7fffeff6b810_0;  alias, 1 drivers
v0x7fffeff6db80_0 .net "memtoreg", 0 0, v0x7fffeff6b8f0_0;  alias, 1 drivers
v0x7fffeff6dc90_0 .net "readdata", 31 0, v0x7fffeff6bb90_0;  alias, 1 drivers
v0x7fffeff6dd80_0 .net "write_data", 31 0, L_0x7fffeff84130;  alias, 1 drivers
L_0x7fffeff84130 .functor MUXZ 32, v0x7fffeff6b810_0, v0x7fffeff6bb90_0, v0x7fffeff6b8f0_0, C4<>;
    .scope S_0x7fffeff69600;
T_0 ;
    %wait E_0x7fffeff68e60;
    %load/vec4 v0x7fffeff698f0_0;
    %assign/vec4 v0x7fffeff699d0_0, 0;
    %load/vec4 v0x7fffeff69ac0_0;
    %flag_set/vec4 8;
    %jmp/0xz  T_0.0, 8;
    %pushi/vec4 0, 0, 32;
    %assign/vec4 v0x7fffeff699d0_0, 0;
T_0.0 ;
    %jmp T_0;
    .thread T_0;
    .scope S_0x7fffeff68c90;
T_1 ;
    %wait E_0x7fffefedc560;
    %load/vec4 v0x7fffeff692a0_0;
    %assign/vec4 v0x7fffeff69050_0, 0;
    %load/vec4 v0x7fffeff691e0_0;
    %assign/vec4 v0x7fffeff68f40_0, 0;
    %jmp T_1;
    .thread T_1;
    .scope S_0x7fffeff68990;
T_2 ;
    %pushi/vec4 0, 0, 32;
    %ix/load 3, 0, 0;
    %flag_set/imm 4, 0;
    %ix/load 4, 0, 0; Constant delay
    %assign/vec4/a/d v0x7fffeff6a570, 0, 4;
    %pushi/vec4 537526277, 0, 32;
    %ix/load 3, 1, 0;
    %flag_set/imm 4, 0;
    %ix/load 4, 0, 0; Constant delay
    %assign/vec4/a/d v0x7fffeff6a570, 0, 4;
    %pushi/vec4 537591815, 0, 32;
    %ix/load 3, 2, 0;
    %flag_set/imm 4, 0;
    %ix/load 4, 0, 0; Constant delay
    %assign/vec4/a/d v0x7fffeff6a570, 0, 4;
    %pushi/vec4 537657346, 0, 32;
    %ix/load 3, 3, 0;
    %flag_set/imm 4, 0;
    %ix/load 4, 0, 0; Constant delay
    %assign/vec4/a/d v0x7fffeff6a570, 0, 4;
    %pushi/vec4 537722883, 0, 32;
    %ix/load 3, 4, 0;
    %flag_set/imm 4, 0;
    %ix/load 4, 0, 0; Constant delay
    %assign/vec4/a/d v0x7fffeff6a570, 0, 4;
    %pushi/vec4 21712928, 0, 32;
    %ix/load 3, 5, 0;
    %flag_set/imm 4, 0;
    %ix/load 4, 0, 0; Constant delay
    %assign/vec4/a/d v0x7fffeff6a570, 0, 4;
    %pushi/vec4 23877664, 0, 32;
    %ix/load 3, 6, 0;
    %flag_set/imm 4, 0;
    %ix/load 4, 0, 0; Constant delay
    %assign/vec4/a/d v0x7fffeff6a570, 0, 4;
    %pushi/vec4 25976864, 0, 32;
    %ix/load 3, 7, 0;
    %flag_set/imm 4, 0;
    %ix/load 4, 0, 0; Constant delay
    %assign/vec4/a/d v0x7fffeff6a570, 0, 4;
    %pushi/vec4 27944992, 0, 32;
    %ix/load 3, 8, 0;
    %flag_set/imm 4, 0;
    %ix/load 4, 0, 0; Constant delay
    %assign/vec4/a/d v0x7fffeff6a570, 0, 4;
    %end;
    .thread T_2;
    .scope S_0x7fffeff5ce20;
T_3 ;
    %wait E_0x7fffefedbee0;
    %pushi/vec4 0, 0, 1;
    %assign/vec4 v0x7fffeff5d880_0, 0;
    %pushi/vec4 0, 0, 1;
    %assign/vec4 v0x7fffeff5d210_0, 0;
    %pushi/vec4 0, 0, 1;
    %assign/vec4 v0x7fffeff5d640_0, 0;
    %pushi/vec4 0, 0, 1;
    %assign/vec4 v0x7fffeff5d950_0, 0;
    %pushi/vec4 0, 0, 1;
    %assign/vec4 v0x7fffeff5d570_0, 0;
    %pushi/vec4 0, 0, 1;
    %assign/vec4 v0x7fffeff5d710_0, 0;
    %pushi/vec4 0, 0, 1;
    %assign/vec4 v0x7fffeff5d2e0_0, 0;
    %pushi/vec4 0, 0, 2;
    %assign/vec4 v0x7fffeff5d100_0, 0;
    %pushi/vec4 0, 0, 1;
    %assign/vec4 v0x7fffeff5d480_0, 0;
    %load/vec4 v0x7fffeff5d7e0_0;
    %dup/vec4;
    %pushi/vec4 0, 0, 6;
    %cmp/u;
    %jmp/1 T_3.0, 6;
    %dup/vec4;
    %pushi/vec4 4, 0, 6;
    %cmp/u;
    %jmp/1 T_3.1, 6;
    %dup/vec4;
    %pushi/vec4 8, 0, 6;
    %cmp/u;
    %jmp/1 T_3.2, 6;
    %dup/vec4;
    %pushi/vec4 35, 0, 6;
    %cmp/u;
    %jmp/1 T_3.3, 6;
    %dup/vec4;
    %pushi/vec4 43, 0, 6;
    %cmp/u;
    %jmp/1 T_3.4, 6;
    %dup/vec4;
    %pushi/vec4 2, 0, 6;
    %cmp/u;
    %jmp/1 T_3.5, 6;
    %jmp T_3.6;
T_3.0 ;
    %pushi/vec4 1, 0, 1;
    %assign/vec4 v0x7fffeff5d880_0, 0;
    %pushi/vec4 1, 0, 1;
    %assign/vec4 v0x7fffeff5d950_0, 0;
    %pushi/vec4 2, 0, 2;
    %assign/vec4 v0x7fffeff5d100_0, 0;
    %jmp T_3.6;
T_3.1 ;
    %pushi/vec4 1, 0, 1;
    %assign/vec4 v0x7fffeff5d2e0_0, 0;
    %pushi/vec4 1, 0, 2;
    %assign/vec4 v0x7fffeff5d100_0, 0;
    %jmp T_3.6;
T_3.2 ;
    %pushi/vec4 1, 0, 1;
    %assign/vec4 v0x7fffeff5d210_0, 0;
    %pushi/vec4 1, 0, 1;
    %assign/vec4 v0x7fffeff5d950_0, 0;
    %jmp T_3.6;
T_3.3 ;
    %pushi/vec4 1, 0, 1;
    %assign/vec4 v0x7fffeff5d210_0, 0;
    %pushi/vec4 1, 0, 1;
    %assign/vec4 v0x7fffeff5d640_0, 0;
    %pushi/vec4 1, 0, 1;
    %assign/vec4 v0x7fffeff5d950_0, 0;
    %pushi/vec4 1, 0, 1;
    %assign/vec4 v0x7fffeff5d570_0, 0;
    %jmp T_3.6;
T_3.4 ;
    %pushi/vec4 1, 0, 1;
    %assign/vec4 v0x7fffeff5d210_0, 0;
    %pushi/vec4 1, 0, 1;
    %assign/vec4 v0x7fffeff5d710_0, 0;
    %jmp T_3.6;
T_3.5 ;
    %pushi/vec4 1, 0, 1;
    %assign/vec4 v0x7fffeff5d480_0, 0;
    %jmp T_3.6;
T_3.6 ;
    %pop/vec4 1;
    %jmp T_3;
    .thread T_3, $push;
    .scope S_0x7fffeff5bad0;
T_4 ;
    %pushi/vec4 0, 0, 32;
    %store/vec4 v0x7fffeff5c7e0_0, 0, 32;
T_4.0 ;
    %load/vec4 v0x7fffeff5c7e0_0;
    %cmpi/s 31, 0, 32;
    %flag_or 5, 4;
    %jmp/0xz T_4.1, 5;
    %load/vec4 v0x7fffeff5c7e0_0;
    %ix/getv/s 3, v0x7fffeff5c7e0_0;
    %ix/load 4, 0, 0; Constant delay
    %assign/vec4/a/d v0x7fffeff5c8a0, 0, 4;
    %load/vec4 v0x7fffeff5c7e0_0;
    %pushi/vec4 1, 0, 32;
    %add;
    %store/vec4 v0x7fffeff5c7e0_0, 0, 32;
    %jmp T_4.0;
T_4.1 ;
    %end;
    .thread T_4;
    .scope S_0x7fffeff5bad0;
T_5 ;
    %wait E_0x7fffefedc560;
    %load/vec4 v0x7fffeff5cac0_0;
    %flag_set/vec4 8;
    %jmp/0xz  T_5.0, 8;
    %load/vec4 v0x7fffeff5cb60_0;
    %load/vec4 v0x7fffeff5cc40_0;
    %pad/u 7;
    %ix/vec4 3;
    %ix/load 4, 0, 0; Constant delay
    %assign/vec4/a/d v0x7fffeff5c8a0, 0, 4;
T_5.0 ;
    %jmp T_5;
    .thread T_5;
    .scope S_0x7fffeff3f540;
T_6 ;
    %wait E_0x7fffefedc560;
    %load/vec4 v0x7fffeff5a130_0;
    %assign/vec4 v0x7fffeff5b020_0, 0;
    %load/vec4 v0x7fffeff59b70_0;
    %assign/vec4 v0x7fffeff5aa60_0, 0;
    %load/vec4 v0x7fffeff21780_0;
    %assign/vec4 v0x7fffeff5a740_0, 0;
    %load/vec4 v0x7fffeff59c30_0;
    %assign/vec4 v0x7fffeff5ab20_0, 0;
    %load/vec4 v0x7fffeff59ab0_0;
    %assign/vec4 v0x7fffeff5a9a0_0, 0;
    %load/vec4 v0x7fffeff5a070_0;
    %assign/vec4 v0x7fffeff5af60_0, 0;
    %load/vec4 v0x7fffeff41af0_0;
    %assign/vec4 v0x7fffeff5a5a0_0, 0;
    %load/vec4 v0x7fffeff40a80_0;
    %assign/vec4 v0x7fffeff5a680_0, 0;
    %load/vec4 v0x7fffeff59cf0_0;
    %assign/vec4 v0x7fffeff5abe0_0, 0;
    %load/vec4 v0x7fffeff32490_0;
    %assign/vec4 v0x7fffeff5a800_0, 0;
    %load/vec4 v0x7fffeff59eb0_0;
    %assign/vec4 v0x7fffeff5ada0_0, 0;
    %load/vec4 v0x7fffeff59f90_0;
    %assign/vec4 v0x7fffeff5ae80_0, 0;
    %load/vec4 v0x7fffeff5a4c0_0;
    %assign/vec4 v0x7fffeff5b4b0_0, 0;
    %load/vec4 v0x7fffeff5a1f0_0;
    %assign/vec4 v0x7fffeff5b0e0_0, 0;
    %load/vec4 v0x7fffeff5a2d0_0;
    %assign/vec4 v0x7fffeff5b3d0_0, 0;
    %load/vec4 v0x7fffeff59dd0_0;
    %assign/vec4 v0x7fffeff5acc0_0, 0;
    %load/vec4 v0x7fffeff599f0_0;
    %assign/vec4 v0x7fffeff5a8e0_0, 0;
    %jmp T_6;
    .thread T_6;
    .scope S_0x7fffeff650c0;
T_7 ;
    %wait E_0x7fffeff42240;
    %load/vec4 v0x7fffeff65920_0;
    %load/vec4 v0x7fffeff65860_0;
    %pad/u 32;
    %pushi/vec4 0, 0, 32;
    %cmp/e;
    %flag_get/vec4 4;
    %inv;
    %and;
    %load/vec4 v0x7fffeff65860_0;
    %load/vec4 v0x7fffeff65450_0;
    %cmp/e;
    %flag_get/vec4 4;
    %and;
    %flag_set/vec4 8;
    %jmp/0 T_7.0, 8;
    %pushi/vec4 2, 0, 2;
    %jmp/1 T_7.1, 8;
T_7.0 ; End of true expr.
    %load/vec4 v0x7fffeff65ab0_0;
    %load/vec4 v0x7fffeff659c0_0;
    %load/vec4 v0x7fffeff65450_0;
    %cmp/e;
    %flag_get/vec4 4;
    %and;
    %flag_set/vec4 9;
    %jmp/0 T_7.2, 9;
    %pushi/vec4 1, 0, 2;
    %jmp/1 T_7.3, 9;
T_7.2 ; End of true expr.
    %pushi/vec4 0, 0, 2;
    %jmp/0 T_7.3, 9;
 ; End of false expr.
    %blend;
T_7.3;
    %jmp/0 T_7.1, 8;
 ; End of false expr.
    %blend;
T_7.1;
    %assign/vec4 v0x7fffeff65650_0, 0;
    %load/vec4 v0x7fffeff65920_0;
    %load/vec4 v0x7fffeff65860_0;
    %pad/u 32;
    %pushi/vec4 0, 0, 32;
    %cmp/e;
    %flag_get/vec4 4;
    %inv;
    %and;
    %load/vec4 v0x7fffeff65860_0;
    %load/vec4 v0x7fffeff65560_0;
    %cmp/e;
    %flag_get/vec4 4;
    %and;
    %flag_set/vec4 8;
    %jmp/0 T_7.4, 8;
    %pushi/vec4 2, 0, 2;
    %jmp/1 T_7.5, 8;
T_7.4 ; End of true expr.
    %load/vec4 v0x7fffeff65ab0_0;
    %load/vec4 v0x7fffeff659c0_0;
    %load/vec4 v0x7fffeff65560_0;
    %cmp/e;
    %flag_get/vec4 4;
    %and;
    %flag_set/vec4 9;
    %jmp/0 T_7.6, 9;
    %pushi/vec4 1, 0, 2;
    %jmp/1 T_7.7, 9;
T_7.6 ; End of true expr.
    %pushi/vec4 0, 0, 2;
    %jmp/0 T_7.7, 9;
 ; End of false expr.
    %blend;
T_7.7;
    %jmp/0 T_7.5, 8;
 ; End of false expr.
    %blend;
T_7.5;
    %assign/vec4 v0x7fffeff65730_0, 0;
    %jmp T_7;
    .thread T_7, $push;
    .scope S_0x7fffeff64330;
T_8 ;
    %wait E_0x7fffefedcb20;
    %load/vec4 v0x7fffeff64860_0;
    %dup/vec4;
    %pushi/vec4 0, 0, 4;
    %cmp/u;
    %jmp/1 T_8.0, 6;
    %dup/vec4;
    %pushi/vec4 1, 0, 4;
    %cmp/u;
    %jmp/1 T_8.1, 6;
    %dup/vec4;
    %pushi/vec4 2, 0, 4;
    %cmp/u;
    %jmp/1 T_8.2, 6;
    %dup/vec4;
    %pushi/vec4 6, 0, 4;
    %cmp/u;
    %jmp/1 T_8.3, 6;
    %dup/vec4;
    %pushi/vec4 7, 0, 4;
    %cmp/u;
    %jmp/1 T_8.4, 6;
    %dup/vec4;
    %pushi/vec4 12, 0, 4;
    %cmp/u;
    %jmp/1 T_8.5, 6;
    %pushi/vec4 0, 0, 32;
    %assign/vec4 v0x7fffeff64940_0, 0;
    %jmp T_8.7;
T_8.0 ;
    %load/vec4 v0x7fffeff645c0_0;
    %load/vec4 v0x7fffeff646c0_0;
    %and;
    %assign/vec4 v0x7fffeff64940_0, 0;
    %jmp T_8.7;
T_8.1 ;
    %load/vec4 v0x7fffeff645c0_0;
    %load/vec4 v0x7fffeff646c0_0;
    %or;
    %assign/vec4 v0x7fffeff64940_0, 0;
    %jmp T_8.7;
T_8.2 ;
    %load/vec4 v0x7fffeff645c0_0;
    %load/vec4 v0x7fffeff646c0_0;
    %add;
    %assign/vec4 v0x7fffeff64940_0, 0;
    %jmp T_8.7;
T_8.3 ;
    %load/vec4 v0x7fffeff645c0_0;
    %load/vec4 v0x7fffeff646c0_0;
    %sub;
    %assign/vec4 v0x7fffeff64940_0, 0;
    %jmp T_8.7;
T_8.4 ;
    %load/vec4 v0x7fffeff645c0_0;
    %load/vec4 v0x7fffeff646c0_0;
    %cmp/u;
    %flag_mov 8, 5;
    %jmp/0 T_8.8, 8;
    %pushi/vec4 1, 0, 32;
    %jmp/1 T_8.9, 8;
T_8.8 ; End of true expr.
    %pushi/vec4 0, 0, 32;
    %jmp/0 T_8.9, 8;
 ; End of false expr.
    %blend;
T_8.9;
    %assign/vec4 v0x7fffeff64940_0, 0;
    %jmp T_8.7;
T_8.5 ;
    %load/vec4 v0x7fffeff645c0_0;
    %load/vec4 v0x7fffeff646c0_0;
    %or;
    %inv;
    %assign/vec4 v0x7fffeff64940_0, 0;
    %jmp T_8.7;
T_8.7 ;
    %pop/vec4 1;
    %jmp T_8;
    .thread T_8, $push;
    .scope S_0x7fffeff64b50;
T_9 ;
    %wait E_0x7fffeff418c0;
    %load/vec4 v0x7fffeff64e90_0;
    %dup/vec4;
    %pushi/vec4 0, 0, 2;
    %cmp/u;
    %jmp/1 T_9.0, 6;
    %dup/vec4;
    %pushi/vec4 1, 0, 2;
    %cmp/u;
    %jmp/1 T_9.1, 6;
    %load/vec4 v0x7fffeff64f80_0;
    %dup/vec4;
    %pushi/vec4 32, 0, 6;
    %cmp/u;
    %jmp/1 T_9.4, 6;
    %dup/vec4;
    %pushi/vec4 34, 0, 6;
    %cmp/u;
    %jmp/1 T_9.5, 6;
    %dup/vec4;
    %pushi/vec4 36, 0, 6;
    %cmp/u;
    %jmp/1 T_9.6, 6;
    %dup/vec4;
    %pushi/vec4 37, 0, 6;
    %cmp/u;
    %jmp/1 T_9.7, 6;
    %dup/vec4;
    %pushi/vec4 39, 0, 6;
    %cmp/u;
    %jmp/1 T_9.8, 6;
    %dup/vec4;
    %pushi/vec4 42, 0, 6;
    %cmp/u;
    %jmp/1 T_9.9, 6;
    %pushi/vec4 15, 0, 4;
    %assign/vec4 v0x7fffeff64db0_0, 0;
    %jmp T_9.11;
T_9.4 ;
    %pushi/vec4 2, 0, 4;
    %assign/vec4 v0x7fffeff64db0_0, 0;
    %jmp T_9.11;
T_9.5 ;
    %pushi/vec4 6, 0, 4;
    %assign/vec4 v0x7fffeff64db0_0, 0;
    %jmp T_9.11;
T_9.6 ;
    %pushi/vec4 0, 0, 4;
    %assign/vec4 v0x7fffeff64db0_0, 0;
    %jmp T_9.11;
T_9.7 ;
    %pushi/vec4 1, 0, 4;
    %assign/vec4 v0x7fffeff64db0_0, 0;
    %jmp T_9.11;
T_9.8 ;
    %pushi/vec4 12, 0, 4;
    %assign/vec4 v0x7fffeff64db0_0, 0;
    %jmp T_9.11;
T_9.9 ;
    %pushi/vec4 7, 0, 4;
    %assign/vec4 v0x7fffeff64db0_0, 0;
    %jmp T_9.11;
T_9.11 ;
    %pop/vec4 1;
    %jmp T_9.3;
T_9.0 ;
    %pushi/vec4 2, 0, 4;
    %assign/vec4 v0x7fffeff64db0_0, 0;
    %jmp T_9.3;
T_9.1 ;
    %pushi/vec4 6, 0, 4;
    %assign/vec4 v0x7fffeff64db0_0, 0;
    %jmp T_9.3;
T_9.3 ;
    %pop/vec4 1;
    %jmp T_9;
    .thread T_9, $push;
    .scope S_0x7fffeff625f0;
T_10 ;
    %wait E_0x7fffefedc560;
    %load/vec4 v0x7fffeff633f0_0;
    %assign/vec4 v0x7fffeff63e70_0, 0;
    %load/vec4 v0x7fffeff630a0_0;
    %assign/vec4 v0x7fffeff63b30_0, 0;
    %load/vec4 v0x7fffeff62a60_0;
    %assign/vec4 v0x7fffeff63690_0, 0;
    %load/vec4 v0x7fffeff634e0_0;
    %assign/vec4 v0x7fffeff63f30_0, 0;
    %load/vec4 v0x7fffeff62b60_0;
    %assign/vec4 v0x7fffeff63770_0, 0;
    %load/vec4 v0x7fffeff63310_0;
    %assign/vec4 v0x7fffeff63d90_0, 0;
    %load/vec4 v0x7fffeff63230_0;
    %assign/vec4 v0x7fffeff63cb0_0, 0;
    %load/vec4 v0x7fffeff63000_0;
    %assign/vec4 v0x7fffeff63a90_0, 0;
    %load/vec4 v0x7fffeff63190_0;
    %assign/vec4 v0x7fffeff63bf0_0, 0;
    %load/vec4 v0x7fffeff62c40_0;
    %assign/vec4 v0x7fffeff63850_0, 0;
    %load/vec4 v0x7fffeff62f10_0;
    %assign/vec4 v0x7fffeff639f0_0, 0;
    %load/vec4 v0x7fffeff62dd0_0;
    %assign/vec4 v0x7fffeff63910_0, 0;
    %jmp T_10;
    .thread T_10;
    .scope S_0x7fffeff62040;
T_11 ;
    %wait E_0x7fffefedc920;
    %load/vec4 v0x7fffeff66920_0;
    %assign/vec4 v0x7fffeff65ca0_0, 0;
    %load/vec4 v0x7fffeff676f0_0;
    %dup/vec4;
    %pushi/vec4 0, 0, 2;
    %cmp/u;
    %jmp/1 T_11.0, 6;
    %dup/vec4;
    %pushi/vec4 1, 0, 2;
    %cmp/u;
    %jmp/1 T_11.1, 6;
    %dup/vec4;
    %pushi/vec4 2, 0, 2;
    %cmp/u;
    %jmp/1 T_11.2, 6;
    %jmp T_11.3;
T_11.0 ;
    %load/vec4 v0x7fffeff66920_0;
    %assign/vec4 v0x7fffeff65ca0_0, 0;
    %jmp T_11.3;
T_11.1 ;
    %load/vec4 v0x7fffeff68330_0;
    %assign/vec4 v0x7fffeff65ca0_0, 0;
    %jmp T_11.3;
T_11.2 ;
    %load/vec4 v0x7fffeff67a30_0;
    %assign/vec4 v0x7fffeff65ca0_0, 0;
    %jmp T_11.3;
T_11.3 ;
    %pop/vec4 1;
    %load/vec4 v0x7fffeff66320_0;
    %assign/vec4 v0x7fffeff65d80_0, 0;
    %load/vec4 v0x7fffeff677b0_0;
    %dup/vec4;
    %pushi/vec4 0, 0, 2;
    %cmp/u;
    %jmp/1 T_11.4, 6;
    %dup/vec4;
    %pushi/vec4 1, 0, 2;
    %cmp/u;
    %jmp/1 T_11.5, 6;
    %dup/vec4;
    %pushi/vec4 2, 0, 2;
    %cmp/u;
    %jmp/1 T_11.6, 6;
    %jmp T_11.7;
T_11.4 ;
    %load/vec4 v0x7fffeff66320_0;
    %assign/vec4 v0x7fffeff65d80_0, 0;
    %jmp T_11.7;
T_11.5 ;
    %load/vec4 v0x7fffeff68330_0;
    %assign/vec4 v0x7fffeff65d80_0, 0;
    %jmp T_11.7;
T_11.6 ;
    %load/vec4 v0x7fffeff67a30_0;
    %assign/vec4 v0x7fffeff65d80_0, 0;
    %jmp T_11.7;
T_11.7 ;
    %pop/vec4 1;
    %jmp T_11;
    .thread T_11, $push;
    .scope S_0x7fffeff6af40;
T_12 ;
    %wait E_0x7fffefedc560;
    %load/vec4 v0x7fffeff6b6b0_0;
    %assign/vec4 v0x7fffeff6bb90_0, 0;
    %load/vec4 v0x7fffeff6b240_0;
    %assign/vec4 v0x7fffeff6b810_0, 0;
    %load/vec4 v0x7fffeff6b770_0;
    %assign/vec4 v0x7fffeff6bc70_0, 0;
    %load/vec4 v0x7fffeff6b4f0_0;
    %assign/vec4 v0x7fffeff6b8f0_0, 0;
    %load/vec4 v0x7fffeff6b610_0;
    %assign/vec4 v0x7fffeff6b9b0_0, 0;
    %jmp T_12;
    .thread T_12;
    .scope S_0x7fffeff6ac20;
T_13 ;
    %pushi/vec4 0, 0, 32;
    %store/vec4 v0x7fffeff6c5e0_0, 0, 32;
T_13.0 ;
    %load/vec4 v0x7fffeff6c5e0_0;
    %cmpi/s 127, 0, 32;
    %flag_or 5, 4;
    %jmp/0xz T_13.1, 5;
    %load/vec4 v0x7fffeff6c5e0_0;
    %ix/getv/s 3, v0x7fffeff6c5e0_0;
    %ix/load 4, 0, 0; Constant delay
    %assign/vec4/a/d v0x7fffeff6cfe0, 0, 4;
    %load/vec4 v0x7fffeff6c5e0_0;
    %pushi/vec4 1, 0, 32;
    %add;
    %store/vec4 v0x7fffeff6c5e0_0, 0, 32;
    %jmp T_13.0;
T_13.1 ;
    %end;
    .thread T_13;
    .scope S_0x7fffeff6ac20;
T_14 ;
    %wait E_0x7fffefedc560;
    %load/vec4 v0x7fffeff6cb20_0;
    %flag_set/vec4 8;
    %jmp/0xz  T_14.0, 8;
    %load/vec4 v0x7fffeff6d4b0_0;
    %load/vec4 v0x7fffeff6c750_0;
    %parti/s 30, 2, 3;
    %ix/vec4 4;
    %store/vec4a v0x7fffeff6cfe0, 4, 0;
T_14.0 ;
    %jmp T_14;
    .thread T_14;
# The file index is used to find the file name in the following table.
:file_names 3;
    "N/A";
    "<interactive>";
    "mips_pipeline_full.v";
